<?xml version="1.0" encoding="UTF-8"?>
<coverage generated="1721154681543" clover="3.2.0">
  <project timestamp="1721154681543" name="All files">
    <metrics statements="105" coveredstatements="79" conditionals="17" coveredconditionals="8" methods="34" coveredmethods="26" elements="156" coveredelements="113" complexity="0" loc="105" ncloc="105" packages="1" files="5" classes="5"/>
    <file name="commentService.ts" path="/home/gabrielmmf/pds/5estrelas/backend/src/core/services/commentService.ts">
      <metrics statements="10" coveredstatements="5" conditionals="0" coveredconditionals="0" methods="4" coveredmethods="2"/>
      <line num="3" count="2" type="stmt"/>
      <line num="5" count="2" type="stmt"/>
      <line num="8" count="2" type="stmt"/>
      <line num="12" count="0" type="stmt"/>
      <line num="13" count="0" type="stmt"/>
      <line num="14" count="0" type="stmt"/>
      <line num="18" count="0" type="stmt"/>
      <line num="19" count="0" type="stmt"/>
      <line num="23" count="5" type="stmt"/>
      <line num="24" count="5" type="stmt"/>
    </file>
    <file name="establishmentService.ts" path="/home/gabrielmmf/pds/5estrelas/backend/src/core/services/establishmentService.ts">
      <metrics statements="29" coveredstatements="10" conditionals="8" coveredconditionals="3" methods="8" coveredmethods="3"/>
      <line num="3" count="2" type="stmt"/>
      <line num="4" count="2" type="stmt"/>
      <line num="6" count="2" type="stmt"/>
      <line num="9" count="2" type="stmt"/>
      <line num="13" count="0" type="stmt"/>
      <line num="14" count="0" type="stmt"/>
      <line num="15" count="0" type="stmt"/>
      <line num="19" count="4" type="stmt"/>
      <line num="20" count="4" type="cond" truecount="1" falsecount="2"/>
      <line num="21" count="0" type="stmt"/>
      <line num="22" count="0" type="stmt"/>
      <line num="23" count="0" type="stmt"/>
      <line num="25" count="4" type="cond" truecount="1" falsecount="0"/>
      <line num="26" count="0" type="stmt"/>
      <line num="30" count="0" type="stmt"/>
      <line num="31" count="0" type="cond" truecount="0" falsecount="3"/>
      <line num="32" count="0" type="stmt"/>
      <line num="33" count="0" type="stmt"/>
      <line num="34" count="0" type="stmt"/>
      <line num="35" count="0" type="stmt"/>
      <line num="36" count="0" type="stmt"/>
      <line num="40" count="0" type="stmt"/>
      <line num="44" count="4" type="stmt"/>
      <line num="45" count="4" type="cond" truecount="1" falsecount="0"/>
      <line num="46" count="4" type="stmt"/>
      <line num="48" count="0" type="stmt"/>
      <line num="49" count="0" type="stmt"/>
      <line num="50" count="0" type="stmt"/>
      <line num="52" count="0" type="stmt"/>
    </file>
    <file name="reviewFeedbackService.ts" path="/home/gabrielmmf/pds/5estrelas/backend/src/core/services/reviewFeedbackService.ts">
      <metrics statements="7" coveredstatements="7" conditionals="0" coveredconditionals="0" methods="3" coveredmethods="3"/>
      <line num="3" count="2" type="stmt"/>
      <line num="5" count="2" type="stmt"/>
      <line num="8" count="3" type="stmt"/>
      <line num="12" count="3" type="stmt"/>
      <line num="13" count="3" type="stmt"/>
      <line num="17" count="6" type="stmt"/>
      <line num="18" count="6" type="stmt"/>
    </file>
    <file name="reviewService.ts" path="/home/gabrielmmf/pds/5estrelas/backend/src/core/services/reviewService.ts">
      <metrics statements="35" coveredstatements="33" conditionals="8" coveredconditionals="5" methods="7" coveredmethods="7"/>
      <line num="3" count="2" type="stmt"/>
      <line num="5" count="2" type="stmt"/>
      <line num="6" count="2" type="stmt"/>
      <line num="7" count="2" type="stmt"/>
      <line num="8" count="2" type="stmt"/>
      <line num="14" count="2" type="stmt"/>
      <line num="19" count="2" type="stmt"/>
      <line num="20" count="2" type="stmt"/>
      <line num="24" count="4" type="stmt"/>
      <line num="25" count="4" type="stmt"/>
      <line num="26" count="4" type="stmt"/>
      <line num="27" count="4" type="stmt"/>
      <line num="28" count="4" type="stmt"/>
      <line num="29" count="4" type="stmt"/>
      <line num="33" count="3" type="stmt"/>
      <line num="34" count="3" type="stmt"/>
      <line num="38" count="2" type="stmt"/>
      <line num="39" count="2" type="cond" truecount="1" falsecount="0"/>
      <line num="40" count="1" type="stmt"/>
      <line num="42" count="1" type="cond" truecount="1" falsecount="1"/>
      <line num="43" count="1" type="stmt"/>
      <line num="45" count="0" type="stmt"/>
      <line num="50" count="2" type="stmt"/>
      <line num="51" count="2" type="stmt"/>
      <line num="56" count="1" type="stmt"/>
      <line num="57" count="1" type="stmt"/>
      <line num="58" count="5" type="cond" truecount="1" falsecount="1"/>
      <line num="60" count="5" type="stmt"/>
      <line num="61" count="5" type="stmt"/>
      <line num="64" count="5" type="stmt"/>
      <line num="65" count="5" type="stmt"/>
      <line num="66" count="5" type="cond" truecount="2" falsecount="1"/>
      <line num="67" count="0" type="stmt"/>
      <line num="70" count="5" type="stmt"/>
      <line num="79" count="1" type="stmt"/>
    </file>
    <file name="userService.ts" path="/home/gabrielmmf/pds/5estrelas/backend/src/core/services/userService.ts">
      <metrics statements="24" coveredstatements="24" conditionals="1" coveredconditionals="0" methods="12" coveredmethods="11"/>
      <line num="3" count="3" type="stmt"/>
      <line num="5" count="3" type="stmt"/>
      <line num="8" count="3" type="stmt"/>
      <line num="12" count="3" type="stmt"/>
      <line num="13" count="3" type="stmt"/>
      <line num="17" count="6" type="stmt"/>
      <line num="18" count="6" type="stmt"/>
      <line num="22" count="3" type="stmt"/>
      <line num="23" count="3" type="stmt"/>
      <line num="27" count="2" type="stmt"/>
      <line num="28" count="2" type="stmt"/>
      <line num="29" count="2" type="cond" truecount="0" falsecount="1"/>
      <line num="30" count="2" type="stmt"/>
      <line num="34" count="5" type="stmt"/>
      <line num="35" count="5" type="stmt"/>
      <line num="37" count="2" type="stmt"/>
      <line num="38" count="2" type="stmt"/>
      <line num="44" count="1" type="stmt"/>
      <line num="48" count="1" type="stmt"/>
      <line num="49" count="1" type="stmt"/>
      <line num="50" count="1" type="stmt"/>
      <line num="52" count="1" type="stmt"/>
      <line num="53" count="10" type="stmt"/>
      <line num="54" count="10" type="stmt"/>
    </file>
  </project>
</coverage>
