{"D:\\UFMG\\TP PDS\\5estrelas\\5estrelas\\backend\\src\\adapters\\express\\controllers\\commentController.ts": {"path":"D:\\UFMG\\TP PDS\\5estrelas\\5estrelas\\backend\\src\\adapters\\express\\controllers\\commentController.ts","statementMap":{"0":{"start":{"line":1,"column":0},"end":{"line":1,"column":53}},"1":{"start":{"line":2,"column":0},"end":{"line":2,"column":71}},"2":{"start":{"line":4,"column":13},"end":{"line":4,"column":51}},"3":{"start":{"line":6,"column":15},"end":{"line":6,"column":31}},"4":{"start":{"line":8,"column":0},"end":{"line":16,"column":3}},"5":{"start":{"line":9,"column":32},"end":{"line":9,"column":40}},"6":{"start":{"line":10,"column":2},"end":{"line":15,"column":3}},"7":{"start":{"line":11,"column":23},"end":{"line":11,"column":76}},"8":{"start":{"line":12,"column":4},"end":{"line":12,"column":37}},"9":{"start":{"line":14,"column":4},"end":{"line":14,"column":66}},"10":{"start":{"line":18,"column":0},"end":{"line":18,"column":22}}},"fnMap":{"0":{"name":"(anonymous_1)","decl":{"start":{"line":8,"column":17},"end":{"line":8,"column":22}},"loc":{"start":{"line":8,"column":55},"end":{"line":16,"column":1}}}},"branchMap":{},"s":{"0":2,"1":2,"2":2,"3":2,"4":2,"5":0,"6":0,"7":0,"8":0,"9":0,"10":2},"f":{"0":0},"b":{}}
,"D:\\UFMG\\TP PDS\\5estrelas\\5estrelas\\backend\\src\\adapters\\express\\controllers\\establishmentController.ts": {"path":"D:\\UFMG\\TP PDS\\5estrelas\\5estrelas\\backend\\src\\adapters\\express\\controllers\\establishmentController.ts","statementMap":{"0":{"start":{"line":1,"column":0},"end":{"line":1,"column":53}},"1":{"start":{"line":2,"column":0},"end":{"line":2,"column":83}},"2":{"start":{"line":3,"column":0},"end":{"line":3,"column":58}},"3":{"start":{"line":5,"column":13},"end":{"line":5,"column":63}},"4":{"start":{"line":7,"column":15},"end":{"line":7,"column":31}},"5":{"start":{"line":9,"column":0},"end":{"line":22,"column":3}},"6":{"start":{"line":10,"column":100},"end":{"line":10,"column":108}},"7":{"start":{"line":11,"column":17},"end":{"line":11,"column":31}},"8":{"start":{"line":12,"column":2},"end":{"line":15,"column":3}},"9":{"start":{"line":13,"column":4},"end":{"line":13,"column":43}},"10":{"start":{"line":14,"column":4},"end":{"line":14,"column":11}},"11":{"start":{"line":16,"column":2},"end":{"line":21,"column":3}},"12":{"start":{"line":17,"column":29},"end":{"line":17,"column":171}},"13":{"start":{"line":18,"column":4},"end":{"line":18,"column":43}},"14":{"start":{"line":20,"column":4},"end":{"line":20,"column":72}},"15":{"start":{"line":24,"column":0},"end":{"line":34,"column":3}},"16":{"start":{"line":25,"column":17},"end":{"line":25,"column":27}},"17":{"start":{"line":26,"column":17},"end":{"line":26,"column":31}},"18":{"start":{"line":27,"column":24},"end":{"line":27,"column":79}},"19":{"start":{"line":29,"column":2},"end":{"line":33,"column":3}},"20":{"start":{"line":30,"column":4},"end":{"line":30,"column":28}},"21":{"start":{"line":32,"column":4},"end":{"line":32,"column":52}},"22":{"start":{"line":36,"column":0},"end":{"line":47,"column":3}},"23":{"start":{"line":38,"column":17},"end":{"line":38,"column":31}},"24":{"start":{"line":39,"column":25},"end":{"line":39,"column":77}},"25":{"start":{"line":42,"column":2},"end":{"line":46,"column":3}},"26":{"start":{"line":43,"column":4},"end":{"line":43,"column":29}},"27":{"start":{"line":45,"column":4},"end":{"line":45,"column":52}},"28":{"start":{"line":49,"column":0},"end":{"line":49,"column":22}}},"fnMap":{"0":{"name":"(anonymous_1)","decl":{"start":{"line":9,"column":17},"end":{"line":9,"column":22}},"loc":{"start":{"line":9,"column":55},"end":{"line":22,"column":1}}},"1":{"name":"(anonymous_2)","decl":{"start":{"line":24,"column":19},"end":{"line":24,"column":24}},"loc":{"start":{"line":24,"column":57},"end":{"line":34,"column":1}}},"2":{"name":"(anonymous_3)","decl":{"start":{"line":36,"column":16},"end":{"line":36,"column":21}},"loc":{"start":{"line":36,"column":54},"end":{"line":47,"column":1}}}},"branchMap":{"0":{"loc":{"start":{"line":12,"column":2},"end":{"line":15,"column":3}},"type":"if","locations":[{"start":{"line":12,"column":2},"end":{"line":15,"column":3}}]},"1":{"loc":{"start":{"line":29,"column":2},"end":{"line":33,"column":3}},"type":"if","locations":[{"start":{"line":29,"column":2},"end":{"line":33,"column":3}},{"start":{"line":31,"column":9},"end":{"line":33,"column":3}}]},"2":{"loc":{"start":{"line":42,"column":2},"end":{"line":46,"column":3}},"type":"if","locations":[{"start":{"line":42,"column":2},"end":{"line":46,"column":3}},{"start":{"line":44,"column":9},"end":{"line":46,"column":3}}]}},"s":{"0":2,"1":2,"2":2,"3":2,"4":2,"5":2,"6":0,"7":0,"8":0,"9":0,"10":0,"11":0,"12":0,"13":0,"14":0,"15":2,"16":0,"17":0,"18":0,"19":0,"20":0,"21":0,"22":2,"23":0,"24":0,"25":0,"26":0,"27":0,"28":2},"f":{"0":0,"1":0,"2":0},"b":{"0":[0],"1":[0,0],"2":[0,0]}}
,"D:\\UFMG\\TP PDS\\5estrelas\\5estrelas\\backend\\src\\adapters\\express\\controllers\\userController.ts": {"path":"D:\\UFMG\\TP PDS\\5estrelas\\5estrelas\\backend\\src\\adapters\\express\\controllers\\userController.ts","statementMap":{"0":{"start":{"line":1,"column":0},"end":{"line":1,"column":53}},"1":{"start":{"line":2,"column":0},"end":{"line":2,"column":65}},"2":{"start":{"line":3,"column":0},"end":{"line":3,"column":63}},"3":{"start":{"line":5,"column":15},"end":{"line":5,"column":32}},"4":{"start":{"line":6,"column":12},"end":{"line":6,"column":35}},"5":{"start":{"line":8,"column":13},"end":{"line":8,"column":45}},"6":{"start":{"line":10,"column":15},"end":{"line":10,"column":31}},"7":{"start":{"line":12,"column":0},"end":{"line":35,"column":3}},"8":{"start":{"line":13,"column":30},"end":{"line":13,"column":38}},"9":{"start":{"line":14,"column":15},"end":{"line":14,"column":54}},"10":{"start":{"line":15,"column":2},"end":{"line":34,"column":3}},"11":{"start":{"line":16,"column":20},"end":{"line":16,"column":65}},"12":{"start":{"line":18,"column":4},"end":{"line":29,"column":5}},"13":{"start":{"line":19,"column":20},"end":{"line":19,"column":42}},"14":{"start":{"line":20,"column":6},"end":{"line":26,"column":null}},"15":{"start":{"line":28,"column":6},"end":{"line":28,"column":null}},"16":{"start":{"line":31,"column":4},"end":{"line":31,"column":19}},"17":{"start":{"line":33,"column":4},"end":{"line":33,"column":43}},"18":{"start":{"line":37,"column":0},"end":{"line":58,"column":null}},"19":{"start":{"line":38,"column":43},"end":{"line":38,"column":51}},"20":{"start":{"line":39,"column":15},"end":{"line":39,"column":37}},"21":{"start":{"line":40,"column":25},"end":{"line":40,"column":61}},"22":{"start":{"line":41,"column":2},"end":{"line":57,"column":3}},"23":{"start":{"line":42,"column":17},"end":{"line":42,"column":81}},"24":{"start":{"line":44,"column":18},"end":{"line":44,"column":40}},"25":{"start":{"line":46,"column":4},"end":{"line":52,"column":7}},"26":{"start":{"line":54,"column":4},"end":{"line":56,"column":5}},"27":{"start":{"line":55,"column":6},"end":{"line":55,"column":34}},"28":{"start":{"line":60,"column":0},"end":{"line":75,"column":3}},"29":{"start":{"line":61,"column":35},"end":{"line":61,"column":45}},"30":{"start":{"line":62,"column":17},"end":{"line":62,"column":31}},"31":{"start":{"line":63,"column":2},"end":{"line":74,"column":3}},"32":{"start":{"line":64,"column":4},"end":{"line":69,"column":5}},"33":{"start":{"line":65,"column":6},"end":{"line":65,"column":77}},"34":{"start":{"line":68,"column":6},"end":{"line":68,"column":82}},"35":{"start":{"line":71,"column":4},"end":{"line":71,"column":20}},"36":{"start":{"line":73,"column":4},"end":{"line":73,"column":43}},"37":{"start":{"line":77,"column":0},"end":{"line":85,"column":3}},"38":{"start":{"line":78,"column":17},"end":{"line":78,"column":31}},"39":{"start":{"line":79,"column":2},"end":{"line":84,"column":3}},"40":{"start":{"line":80,"column":27},"end":{"line":80,"column":78}},"41":{"start":{"line":81,"column":4},"end":{"line":81,"column":29}},"42":{"start":{"line":83,"column":4},"end":{"line":83,"column":43}},"43":{"start":{"line":87,"column":0},"end":{"line":96,"column":3}},"44":{"start":{"line":88,"column":17},"end":{"line":88,"column":31}},"45":{"start":{"line":89,"column":16},"end":{"line":89,"column":44}},"46":{"start":{"line":90,"column":2},"end":{"line":95,"column":3}},"47":{"start":{"line":91,"column":27},"end":{"line":91,"column":74}},"48":{"start":{"line":92,"column":4},"end":{"line":92,"column":29}},"49":{"start":{"line":94,"column":4},"end":{"line":94,"column":43}},"50":{"start":{"line":98,"column":0},"end":{"line":98,"column":22}}},"fnMap":{"0":{"name":"(anonymous_1)","decl":{"start":{"line":12,"column":22},"end":{"line":12,"column":27}},"loc":{"start":{"line":12,"column":60},"end":{"line":35,"column":1}}},"1":{"name":"(anonymous_2)","decl":{"start":{"line":37,"column":23},"end":{"line":37,"column":28}},"loc":{"start":{"line":37,"column":42},"end":{"line":58,"column":1}}},"2":{"name":"(anonymous_3)","decl":{"start":{"line":60,"column":60},"end":{"line":60,"column":65}},"loc":{"start":{"line":60,"column":98},"end":{"line":75,"column":1}}},"3":{"name":"(anonymous_4)","decl":{"start":{"line":77,"column":25},"end":{"line":77,"column":30}},"loc":{"start":{"line":77,"column":63},"end":{"line":85,"column":1}}},"4":{"name":"(anonymous_5)","decl":{"start":{"line":87,"column":30},"end":{"line":87,"column":35}},"loc":{"start":{"line":87,"column":68},"end":{"line":96,"column":1}}}},"branchMap":{"0":{"loc":{"start":{"line":15,"column":2},"end":{"line":34,"column":3}},"type":"if","locations":[{"start":{"line":15,"column":2},"end":{"line":34,"column":3}},{"start":{"line":32,"column":9},"end":{"line":34,"column":3}}]},"1":{"loc":{"start":{"line":18,"column":4},"end":{"line":29,"column":5}},"type":"if","locations":[{"start":{"line":18,"column":4},"end":{"line":29,"column":5}},{"start":{"line":27,"column":11},"end":{"line":29,"column":5}}]},"2":{"loc":{"start":{"line":54,"column":4},"end":{"line":56,"column":5}},"type":"if","locations":[{"start":{"line":54,"column":4},"end":{"line":56,"column":5}}]},"3":{"loc":{"start":{"line":63,"column":2},"end":{"line":74,"column":3}},"type":"if","locations":[{"start":{"line":63,"column":2},"end":{"line":74,"column":3}},{"start":{"line":72,"column":9},"end":{"line":74,"column":3}}]},"4":{"loc":{"start":{"line":64,"column":4},"end":{"line":69,"column":5}},"type":"if","locations":[{"start":{"line":64,"column":4},"end":{"line":69,"column":5}},{"start":{"line":67,"column":9},"end":{"line":69,"column":5}}]},"5":{"loc":{"start":{"line":79,"column":2},"end":{"line":84,"column":3}},"type":"if","locations":[{"start":{"line":79,"column":2},"end":{"line":84,"column":3}},{"start":{"line":82,"column":9},"end":{"line":84,"column":3}}]},"6":{"loc":{"start":{"line":90,"column":2},"end":{"line":95,"column":3}},"type":"if","locations":[{"start":{"line":90,"column":2},"end":{"line":95,"column":3}},{"start":{"line":93,"column":9},"end":{"line":95,"column":3}}]}},"s":{"0":2,"1":2,"2":2,"3":2,"4":2,"5":2,"6":2,"7":2,"8":0,"9":0,"10":0,"11":0,"12":0,"13":0,"14":0,"15":0,"16":0,"17":0,"18":2,"19":0,"20":0,"21":0,"22":0,"23":0,"24":0,"25":0,"26":0,"27":0,"28":2,"29":0,"30":0,"31":0,"32":0,"33":0,"34":0,"35":0,"36":0,"37":2,"38":0,"39":0,"40":0,"41":0,"42":0,"43":2,"44":0,"45":0,"46":0,"47":0,"48":0,"49":0,"50":2},"f":{"0":0,"1":0,"2":0,"3":0,"4":0},"b":{"0":[0,0],"1":[0,0],"2":[0],"3":[0,0],"4":[0,0],"5":[0,0],"6":[0,0]}}
,"D:\\UFMG\\TP PDS\\5estrelas\\5estrelas\\backend\\src\\core\\services\\commentService.ts": {"path":"D:\\UFMG\\TP PDS\\5estrelas\\5estrelas\\backend\\src\\core\\services\\commentService.ts","statementMap":{"0":{"start":{"line":3,"column":0},"end":{"line":3,"column":88}},"1":{"start":{"line":8,"column":8},"end":{"line":8,"column":null}},"2":{"start":{"line":12,"column":26},"end":{"line":12,"column":36}},"3":{"start":{"line":13,"column":24},"end":{"line":13,"column":93}},"4":{"start":{"line":14,"column":8},"end":{"line":14,"column":null}},"5":{"start":{"line":18,"column":21},"end":{"line":18,"column":57}},"6":{"start":{"line":19,"column":8},"end":{"line":19,"column":null}},"7":{"start":{"line":23,"column":25},"end":{"line":23,"column":83}},"8":{"start":{"line":24,"column":8},"end":{"line":24,"column":null}},"9":{"start":{"line":5,"column":0},"end":{"line":5,"column":13}}},"fnMap":{"0":{"name":"(anonymous_0)","decl":{"start":{"line":7,"column":4},"end":{"line":7,"column":null}},"loc":{"start":{"line":7,"column":4},"end":{"line":9,"column":5}}},"1":{"name":"(anonymous_1)","decl":{"start":{"line":11,"column":4},"end":{"line":11,"column":9}},"loc":{"start":{"line":11,"column":57},"end":{"line":15,"column":5}}},"2":{"name":"(anonymous_2)","decl":{"start":{"line":17,"column":4},"end":{"line":17,"column":9}},"loc":{"start":{"line":17,"column":31},"end":{"line":20,"column":5}}},"3":{"name":"(anonymous_3)","decl":{"start":{"line":22,"column":4},"end":{"line":22,"column":9}},"loc":{"start":{"line":22,"column":46},"end":{"line":25,"column":5}}}},"branchMap":{},"s":{"0":2,"1":2,"2":0,"3":0,"4":0,"5":0,"6":0,"7":5,"8":5,"9":2},"f":{"0":2,"1":0,"2":0,"3":5},"b":{}}
,"D:\\UFMG\\TP PDS\\5estrelas\\5estrelas\\backend\\src\\core\\services\\establishmentService.ts": {"path":"D:\\UFMG\\TP PDS\\5estrelas\\5estrelas\\backend\\src\\core\\services\\establishmentService.ts","statementMap":{"0":{"start":{"line":3,"column":0},"end":{"line":3,"column":99}},"1":{"start":{"line":4,"column":0},"end":{"line":4,"column":79}},"2":{"start":{"line":9,"column":8},"end":{"line":9,"column":null}},"3":{"start":{"line":13,"column":34},"end":{"line":13,"column":132}},"4":{"start":{"line":14,"column":33},"end":{"line":14,"column":93}},"5":{"start":{"line":15,"column":8},"end":{"line":15,"column":null}},"6":{"start":{"line":19,"column":30},"end":{"line":19,"column":72}},"7":{"start":{"line":20,"column":8},"end":{"line":24,"column":9}},"8":{"start":{"line":21,"column":30},"end":{"line":21,"column":81}},"9":{"start":{"line":22,"column":27},"end":{"line":22,"column":55}},"10":{"start":{"line":22,"column":48},"end":{"line":22,"column":54}},"11":{"start":{"line":23,"column":12},"end":{"line":23,"column":72}},"12":{"start":{"line":25,"column":8},"end":{"line":25,"column":43}},"13":{"start":{"line":25,"column":31},"end":{"line":25,"column":43}},"14":{"start":{"line":26,"column":8},"end":{"line":26,"column":null}},"15":{"start":{"line":30,"column":31},"end":{"line":30,"column":74}},"16":{"start":{"line":31,"column":8},"end":{"line":39,"column":9}},"17":{"start":{"line":32,"column":30},"end":{"line":32,"column":81}},"18":{"start":{"line":33,"column":27},"end":{"line":33,"column":55}},"19":{"start":{"line":33,"column":48},"end":{"line":33,"column":54}},"20":{"start":{"line":34,"column":12},"end":{"line":38,"column":15}},"21":{"start":{"line":35,"column":16},"end":{"line":35,"column":76}},"22":{"start":{"line":36,"column":16},"end":{"line":36,"column":null}},"23":{"start":{"line":40,"column":8},"end":{"line":40,"column":null}},"24":{"start":{"line":44,"column":28},"end":{"line":44,"column":59}},"25":{"start":{"line":45,"column":8},"end":{"line":47,"column":9}},"26":{"start":{"line":46,"column":12},"end":{"line":46,"column":18}},"27":{"start":{"line":48,"column":26},"end":{"line":48,"column":46}},"28":{"start":{"line":49,"column":32},"end":{"line":49,"column":61}},"29":{"start":{"line":50,"column":33},"end":{"line":50,"column":100}},"30":{"start":{"line":52,"column":8},"end":{"line":52,"column":null}},"31":{"start":{"line":6,"column":0},"end":{"line":6,"column":13}}},"fnMap":{"0":{"name":"(anonymous_0)","decl":{"start":{"line":8,"column":4},"end":{"line":8,"column":null}},"loc":{"start":{"line":8,"column":4},"end":{"line":10,"column":5}}},"1":{"name":"(anonymous_1)","decl":{"start":{"line":12,"column":4},"end":{"line":12,"column":9}},"loc":{"start":{"line":12,"column":204},"end":{"line":16,"column":5}}},"2":{"name":"(anonymous_2)","decl":{"start":{"line":18,"column":4},"end":{"line":18,"column":9}},"loc":{"start":{"line":18,"column":54},"end":{"line":27,"column":5}}},"3":{"name":"(anonymous_3)","decl":{"start":{"line":22,"column":41},"end":{"line":22,"column":44}},"loc":{"start":{"line":22,"column":48},"end":{"line":22,"column":54}}},"4":{"name":"(anonymous_4)","decl":{"start":{"line":29,"column":4},"end":{"line":29,"column":9}},"loc":{"start":{"line":29,"column":43},"end":{"line":41,"column":5}}},"5":{"name":"(anonymous_5)","decl":{"start":{"line":33,"column":41},"end":{"line":33,"column":44}},"loc":{"start":{"line":33,"column":48},"end":{"line":33,"column":54}}},"6":{"name":"(anonymous_6)","decl":{"start":{"line":34,"column":38},"end":{"line":34,"column":51}},"loc":{"start":{"line":34,"column":54},"end":{"line":38,"column":13}}},"7":{"name":"(anonymous_7)","decl":{"start":{"line":43,"column":4},"end":{"line":43,"column":9}},"loc":{"start":{"line":43,"column":52},"end":{"line":53,"column":5}}}},"branchMap":{"0":{"loc":{"start":{"line":20,"column":8},"end":{"line":24,"column":9}},"type":"if","locations":[{"start":{"line":20,"column":8},"end":{"line":24,"column":9}}]},"1":{"loc":{"start":{"line":20,"column":12},"end":{"line":20,"column":35}},"type":"binary-expr","locations":[{"start":{"line":20,"column":12},"end":{"line":20,"column":18}},{"start":{"line":20,"column":22},"end":{"line":20,"column":35}}]},"2":{"loc":{"start":{"line":25,"column":8},"end":{"line":25,"column":43}},"type":"if","locations":[{"start":{"line":25,"column":8},"end":{"line":25,"column":43}}]},"3":{"loc":{"start":{"line":31,"column":8},"end":{"line":39,"column":9}},"type":"if","locations":[{"start":{"line":31,"column":8},"end":{"line":39,"column":9}}]},"4":{"loc":{"start":{"line":31,"column":12},"end":{"line":31,"column":36}},"type":"binary-expr","locations":[{"start":{"line":31,"column":12},"end":{"line":31,"column":18}},{"start":{"line":31,"column":22},"end":{"line":31,"column":36}}]},"5":{"loc":{"start":{"line":45,"column":8},"end":{"line":47,"column":9}},"type":"if","locations":[{"start":{"line":45,"column":8},"end":{"line":47,"column":9}}]}},"s":{"0":2,"1":2,"2":2,"3":0,"4":0,"5":0,"6":4,"7":4,"8":0,"9":0,"10":0,"11":0,"12":4,"13":4,"14":0,"15":0,"16":0,"17":0,"18":0,"19":0,"20":0,"21":0,"22":0,"23":0,"24":4,"25":4,"26":4,"27":0,"28":0,"29":0,"30":0,"31":2},"f":{"0":2,"1":0,"2":4,"3":0,"4":0,"5":0,"6":0,"7":4},"b":{"0":[0],"1":[4,0],"2":[4],"3":[0],"4":[0,0],"5":[4]}}
,"D:\\UFMG\\TP PDS\\5estrelas\\5estrelas\\backend\\src\\core\\services\\reviewFeedbackService.ts": {"path":"D:\\UFMG\\TP PDS\\5estrelas\\5estrelas\\backend\\src\\core\\services\\reviewFeedbackService.ts","statementMap":{"0":{"start":{"line":3,"column":0},"end":{"line":3,"column":102}},"1":{"start":{"line":8,"column":8},"end":{"line":8,"column":null}},"2":{"start":{"line":12,"column":34},"end":{"line":12,"column":108}},"3":{"start":{"line":13,"column":8},"end":{"line":13,"column":null}},"4":{"start":{"line":17,"column":31},"end":{"line":17,"column":88}},"5":{"start":{"line":18,"column":8},"end":{"line":18,"column":null}},"6":{"start":{"line":5,"column":0},"end":{"line":5,"column":13}}},"fnMap":{"0":{"name":"(anonymous_0)","decl":{"start":{"line":7,"column":4},"end":{"line":7,"column":null}},"loc":{"start":{"line":7,"column":4},"end":{"line":9,"column":5}}},"1":{"name":"(anonymous_1)","decl":{"start":{"line":11,"column":4},"end":{"line":11,"column":9}},"loc":{"start":{"line":11,"column":93},"end":{"line":14,"column":5}}},"2":{"name":"(anonymous_2)","decl":{"start":{"line":16,"column":4},"end":{"line":16,"column":9}},"loc":{"start":{"line":16,"column":60},"end":{"line":19,"column":5}}}},"branchMap":{},"s":{"0":2,"1":3,"2":3,"3":3,"4":6,"5":6,"6":2},"f":{"0":3,"1":3,"2":6},"b":{}}
,"D:\\UFMG\\TP PDS\\5estrelas\\5estrelas\\backend\\src\\core\\services\\reviewService.ts": {"path":"D:\\UFMG\\TP PDS\\5estrelas\\5estrelas\\backend\\src\\core\\services\\reviewService.ts","statementMap":{"0":{"start":{"line":3,"column":0},"end":{"line":3,"column":86}},"1":{"start":{"line":5,"column":0},"end":{"line":5,"column":64}},"2":{"start":{"line":6,"column":0},"end":{"line":6,"column":80}},"3":{"start":{"line":7,"column":0},"end":{"line":7,"column":86}},"4":{"start":{"line":8,"column":0},"end":{"line":8,"column":98}},"5":{"start":{"line":19,"column":8},"end":{"line":19,"column":null}},"6":{"start":{"line":20,"column":8},"end":{"line":20,"column":null}},"7":{"start":{"line":24,"column":20},"end":{"line":24,"column":21}},"8":{"start":{"line":25,"column":23},"end":{"line":25,"column":24}},"9":{"start":{"line":26,"column":24},"end":{"line":26,"column":34}},"10":{"start":{"line":27,"column":26},"end":{"line":27,"column":134}},"11":{"start":{"line":28,"column":8},"end":{"line":28,"column":73}},"12":{"start":{"line":29,"column":8},"end":{"line":29,"column":null}},"13":{"start":{"line":33,"column":23},"end":{"line":33,"column":58}},"14":{"start":{"line":34,"column":8},"end":{"line":34,"column":null}},"15":{"start":{"line":38,"column":23},"end":{"line":38,"column":47}},"16":{"start":{"line":39,"column":8},"end":{"line":41,"column":9}},"17":{"start":{"line":40,"column":12},"end":{"line":40,"column":53}},"18":{"start":{"line":42,"column":8},"end":{"line":46,"column":9}},"19":{"start":{"line":43,"column":12},"end":{"line":43,"column":54}},"20":{"start":{"line":45,"column":12},"end":{"line":45,"column":51}},"21":{"start":{"line":50,"column":34},"end":{"line":50,"column":106}},"22":{"start":{"line":51,"column":8},"end":{"line":51,"column":23}},"23":{"start":{"line":56,"column":24},"end":{"line":56,"column":79}},"24":{"start":{"line":57,"column":45},"end":{"line":77,"column":11}},"25":{"start":{"line":58,"column":33},"end":{"line":58,"column":123}},"26":{"start":{"line":60,"column":31},"end":{"line":60,"column":71}},"27":{"start":{"line":61,"column":12},"end":{"line":61,"column":58}},"28":{"start":{"line":64,"column":37},"end":{"line":64,"column":88}},"29":{"start":{"line":65,"column":32},"end":{"line":65,"column":41}},"30":{"start":{"line":66,"column":12},"end":{"line":68,"column":13}},"31":{"start":{"line":67,"column":16},"end":{"line":67,"column":null}},"32":{"start":{"line":70,"column":12},"end":{"line":76,"column":14}},"33":{"start":{"line":79,"column":8},"end":{"line":79,"column":34}},"34":{"start":{"line":14,"column":0},"end":{"line":14,"column":13}}},"fnMap":{"0":{"name":"(anonymous_0)","decl":{"start":{"line":18,"column":4},"end":{"line":18,"column":null}},"loc":{"start":{"line":18,"column":4},"end":{"line":21,"column":5}}},"1":{"name":"(anonymous_1)","decl":{"start":{"line":23,"column":4},"end":{"line":23,"column":9}},"loc":{"start":{"line":23,"column":95},"end":{"line":30,"column":5}}},"2":{"name":"(anonymous_2)","decl":{"start":{"line":32,"column":4},"end":{"line":32,"column":9}},"loc":{"start":{"line":32,"column":30},"end":{"line":35,"column":5}}},"3":{"name":"(anonymous_3)","decl":{"start":{"line":37,"column":4},"end":{"line":37,"column":9}},"loc":{"start":{"line":37,"column":49},"end":{"line":47,"column":5}}},"4":{"name":"(anonymous_4)","decl":{"start":{"line":49,"column":4},"end":{"line":49,"column":9}},"loc":{"start":{"line":49,"column":61},"end":{"line":52,"column":5}}},"5":{"name":"(anonymous_5)","decl":{"start":{"line":55,"column":4},"end":{"line":55,"column":9}},"loc":{"start":{"line":55,"column":78},"end":{"line":80,"column":5}}},"6":{"name":"(anonymous_6)","decl":{"start":{"line":57,"column":75},"end":{"line":57,"column":80}},"loc":{"start":{"line":57,"column":92},"end":{"line":77,"column":9}}}},"branchMap":{"0":{"loc":{"start":{"line":39,"column":8},"end":{"line":41,"column":9}},"type":"if","locations":[{"start":{"line":39,"column":8},"end":{"line":41,"column":9}}]},"1":{"loc":{"start":{"line":42,"column":8},"end":{"line":46,"column":9}},"type":"if","locations":[{"start":{"line":42,"column":8},"end":{"line":46,"column":9}},{"start":{"line":44,"column":15},"end":{"line":46,"column":9}}]},"2":{"loc":{"start":{"line":58,"column":33},"end":{"line":58,"column":123}},"type":"cond-expr","locations":[{"start":{"line":58,"column":42},"end":{"line":58,"column":111}},{"start":{"line":58,"column":114},"end":{"line":58,"column":123}}]},"3":{"loc":{"start":{"line":66,"column":12},"end":{"line":68,"column":13}},"type":"if","locations":[{"start":{"line":66,"column":12},"end":{"line":68,"column":13}}]},"4":{"loc":{"start":{"line":66,"column":16},"end":{"line":66,"column":55}},"type":"binary-expr","locations":[{"start":{"line":66,"column":16},"end":{"line":66,"column":32}},{"start":{"line":66,"column":36},"end":{"line":66,"column":55}}]}},"s":{"0":2,"1":2,"2":2,"3":2,"4":2,"5":2,"6":2,"7":4,"8":4,"9":4,"10":4,"11":4,"12":4,"13":3,"14":3,"15":2,"16":2,"17":1,"18":1,"19":1,"20":0,"21":2,"22":2,"23":1,"24":1,"25":5,"26":5,"27":5,"28":5,"29":5,"30":5,"31":0,"32":5,"33":1,"34":2},"f":{"0":2,"1":4,"2":3,"3":2,"4":2,"5":1,"6":5},"b":{"0":[1],"1":[1,0],"2":[5,0],"3":[0],"4":[5,5]}}
,"D:\\UFMG\\TP PDS\\5estrelas\\5estrelas\\backend\\src\\core\\services\\userService.ts": {"path":"D:\\UFMG\\TP PDS\\5estrelas\\5estrelas\\backend\\src\\core\\services\\userService.ts","statementMap":{"0":{"start":{"line":3,"column":0},"end":{"line":3,"column":82}},"1":{"start":{"line":8,"column":8},"end":{"line":8,"column":null}},"2":{"start":{"line":12,"column":24},"end":{"line":12,"column":90}},"3":{"start":{"line":13,"column":8},"end":{"line":13,"column":null}},"4":{"start":{"line":17,"column":21},"end":{"line":17,"column":54}},"5":{"start":{"line":18,"column":8},"end":{"line":18,"column":null}},"6":{"start":{"line":22,"column":21},"end":{"line":22,"column":64}},"7":{"start":{"line":23,"column":8},"end":{"line":23,"column":20}},"8":{"start":{"line":27,"column":26},"end":{"line":27,"column":70}},"9":{"start":{"line":28,"column":23},"end":{"line":28,"column":51}},"10":{"start":{"line":28,"column":44},"end":{"line":28,"column":50}},"11":{"start":{"line":29,"column":8},"end":{"line":29,"column":53}},"12":{"start":{"line":29,"column":46},"end":{"line":29,"column":53}},"13":{"start":{"line":30,"column":8},"end":{"line":30,"column":87}},"14":{"start":{"line":34,"column":31},"end":{"line":34,"column":90}},"15":{"start":{"line":35,"column":8},"end":{"line":40,"column":11}},"16":{"start":{"line":37,"column":12},"end":{"line":37,"column":43}},"17":{"start":{"line":38,"column":12},"end":{"line":38,"column":null}},"18":{"start":{"line":44,"column":8},"end":{"line":44,"column":null}},"19":{"start":{"line":48,"column":31},"end":{"line":48,"column":86}},"20":{"start":{"line":49,"column":26},"end":{"line":49,"column":70}},"21":{"start":{"line":50,"column":23},"end":{"line":50,"column":51}},"22":{"start":{"line":50,"column":44},"end":{"line":50,"column":50}},"23":{"start":{"line":52,"column":8},"end":{"line":55,"column":11}},"24":{"start":{"line":53,"column":12},"end":{"line":53,"column":72}},"25":{"start":{"line":54,"column":12},"end":{"line":54,"column":null}},"26":{"start":{"line":5,"column":0},"end":{"line":5,"column":13}}},"fnMap":{"0":{"name":"(anonymous_0)","decl":{"start":{"line":7,"column":4},"end":{"line":7,"column":null}},"loc":{"start":{"line":7,"column":4},"end":{"line":9,"column":5}}},"1":{"name":"(anonymous_1)","decl":{"start":{"line":11,"column":4},"end":{"line":11,"column":9}},"loc":{"start":{"line":11,"column":81},"end":{"line":14,"column":5}}},"2":{"name":"(anonymous_2)","decl":{"start":{"line":16,"column":4},"end":{"line":16,"column":9}},"loc":{"start":{"line":16,"column":28},"end":{"line":19,"column":5}}},"3":{"name":"(anonymous_3)","decl":{"start":{"line":21,"column":4},"end":{"line":21,"column":9}},"loc":{"start":{"line":21,"column":38},"end":{"line":24,"column":5}}},"4":{"name":"(anonymous_4)","decl":{"start":{"line":26,"column":4},"end":{"line":26,"column":9}},"loc":{"start":{"line":26,"column":77},"end":{"line":31,"column":5}}},"5":{"name":"(anonymous_5)","decl":{"start":{"line":28,"column":37},"end":{"line":28,"column":40}},"loc":{"start":{"line":28,"column":44},"end":{"line":28,"column":50}}},"6":{"name":"(anonymous_6)","decl":{"start":{"line":33,"column":4},"end":{"line":33,"column":9}},"loc":{"start":{"line":33,"column":50},"end":{"line":41,"column":5}}},"7":{"name":"(anonymous_7)","decl":{"start":{"line":35,"column":34},"end":{"line":35,"column":47}},"loc":{"start":{"line":35,"column":50},"end":{"line":40,"column":9}}},"8":{"name":"(anonymous_8)","decl":{"start":{"line":43,"column":4},"end":{"line":43,"column":9}},"loc":{"start":{"line":43,"column":82},"end":{"line":45,"column":5}}},"9":{"name":"(anonymous_9)","decl":{"start":{"line":47,"column":4},"end":{"line":47,"column":9}},"loc":{"start":{"line":47,"column":46},"end":{"line":56,"column":5}}},"10":{"name":"(anonymous_10)","decl":{"start":{"line":50,"column":37},"end":{"line":50,"column":40}},"loc":{"start":{"line":50,"column":44},"end":{"line":50,"column":50}}},"11":{"name":"(anonymous_11)","decl":{"start":{"line":52,"column":34},"end":{"line":52,"column":47}},"loc":{"start":{"line":52,"column":50},"end":{"line":55,"column":9}}}},"branchMap":{"0":{"loc":{"start":{"line":29,"column":8},"end":{"line":29,"column":53}},"type":"if","locations":[{"start":{"line":29,"column":8},"end":{"line":29,"column":53}}]}},"s":{"0":3,"1":3,"2":3,"3":3,"4":6,"5":6,"6":3,"7":3,"8":2,"9":2,"10":0,"11":2,"12":0,"13":2,"14":5,"15":5,"16":2,"17":2,"18":1,"19":1,"20":1,"21":1,"22":1,"23":1,"24":10,"25":10,"26":3},"f":{"0":3,"1":3,"2":6,"3":3,"4":2,"5":0,"6":5,"7":2,"8":1,"9":1,"10":1,"11":10},"b":{"0":[0]}}
,"D:\\UFMG\\TP PDS\\5estrelas\\5estrelas\\backend\\src\\repositories\\implementation\\CommentRepository.ts": {"path":"D:\\UFMG\\TP PDS\\5estrelas\\5estrelas\\backend\\src\\repositories\\implementation\\CommentRepository.ts","statementMap":{"0":{"start":{"line":3,"column":0},"end":{"line":3,"column":30}},"1":{"start":{"line":9,"column":8},"end":{"line":15,"column":11}},"2":{"start":{"line":10,"column":12},"end":{"line":13,"column":13}},"3":{"start":{"line":11,"column":16},"end":{"line":11,"column":77}},"4":{"start":{"line":12,"column":16},"end":{"line":12,"column":26}},"5":{"start":{"line":14,"column":12},"end":{"line":14,"column":56}},"6":{"start":{"line":17,"column":8},"end":{"line":24,"column":7}},"7":{"start":{"line":28,"column":49},"end":{"line":28,"column":60}},"8":{"start":{"line":29,"column":8},"end":{"line":49,"column":11}},"9":{"start":{"line":30,"column":12},"end":{"line":30,"column":null}},"10":{"start":{"line":31,"column":12},"end":{"line":48,"column":14}},"11":{"start":{"line":35,"column":20},"end":{"line":46,"column":21}},"12":{"start":{"line":36,"column":24},"end":{"line":36,"column":79}},"13":{"start":{"line":37,"column":24},"end":{"line":37,"column":36}},"14":{"start":{"line":39,"column":52},"end":{"line":44,"column":null}},"15":{"start":{"line":45,"column":24},"end":{"line":45,"column":44}},"16":{"start":{"line":53,"column":8},"end":{"line":66,"column":11}},"17":{"start":{"line":54,"column":12},"end":{"line":65,"column":14}},"18":{"start":{"line":58,"column":20},"end":{"line":63,"column":21}},"19":{"start":{"line":59,"column":24},"end":{"line":59,"column":84}},"20":{"start":{"line":60,"column":24},"end":{"line":60,"column":36}},"21":{"start":{"line":62,"column":24},"end":{"line":62,"column":56}},"22":{"start":{"line":70,"column":8},"end":{"line":84,"column":11}},"23":{"start":{"line":71,"column":12},"end":{"line":83,"column":14}},"24":{"start":{"line":75,"column":20},"end":{"line":81,"column":21}},"25":{"start":{"line":76,"column":24},"end":{"line":76,"column":91}},"26":{"start":{"line":77,"column":24},"end":{"line":77,"column":36}},"27":{"start":{"line":79,"column":52},"end":{"line":79,"column":90}},"28":{"start":{"line":79,"column":75},"end":{"line":79,"column":89}},"29":{"start":{"line":80,"column":24},"end":{"line":80,"column":42}},"30":{"start":{"line":5,"column":0},"end":{"line":5,"column":13}}},"fnMap":{"0":{"name":"(anonymous_1)","decl":{"start":{"line":8,"column":4},"end":{"line":8,"column":null}},"loc":{"start":{"line":8,"column":4},"end":{"line":25,"column":5}}},"1":{"name":"(anonymous_2)","decl":{"start":{"line":9,"column":56},"end":{"line":9,"column":57}},"loc":{"start":{"line":9,"column":64},"end":{"line":15,"column":9}}},"2":{"name":"(anonymous_3)","decl":{"start":{"line":27,"column":4},"end":{"line":27,"column":9}},"loc":{"start":{"line":27,"column":84},"end":{"line":50,"column":5}}},"3":{"name":"(anonymous_4)","decl":{"start":{"line":29,"column":36},"end":{"line":29,"column":37}},"loc":{"start":{"line":29,"column":56},"end":{"line":49,"column":9}}},"4":{"name":"(anonymous_5)","decl":{"start":{"line":34,"column":16},"end":{"line":34,"column":26}},"loc":{"start":{"line":34,"column":29},"end":{"line":47,"column":17}}},"5":{"name":"(anonymous_6)","decl":{"start":{"line":52,"column":4},"end":{"line":52,"column":9}},"loc":{"start":{"line":52,"column":24},"end":{"line":67,"column":5}}},"6":{"name":"(anonymous_7)","decl":{"start":{"line":53,"column":43},"end":{"line":53,"column":44}},"loc":{"start":{"line":53,"column":63},"end":{"line":66,"column":9}}},"7":{"name":"(anonymous_8)","decl":{"start":{"line":57,"column":16},"end":{"line":57,"column":17}},"loc":{"start":{"line":57,"column":29},"end":{"line":64,"column":17}}},"8":{"name":"(anonymous_9)","decl":{"start":{"line":69,"column":4},"end":{"line":69,"column":9}},"loc":{"start":{"line":69,"column":46},"end":{"line":85,"column":5}}},"9":{"name":"(anonymous_10)","decl":{"start":{"line":70,"column":38},"end":{"line":70,"column":39}},"loc":{"start":{"line":70,"column":58},"end":{"line":84,"column":9}}},"10":{"name":"(anonymous_11)","decl":{"start":{"line":74,"column":16},"end":{"line":74,"column":17}},"loc":{"start":{"line":74,"column":30},"end":{"line":82,"column":17}}},"11":{"name":"(anonymous_12)","decl":{"start":{"line":79,"column":61},"end":{"line":79,"column":62}},"loc":{"start":{"line":79,"column":75},"end":{"line":79,"column":89}}}},"branchMap":{"0":{"loc":{"start":{"line":10,"column":12},"end":{"line":13,"column":13}},"type":"if","locations":[{"start":{"line":10,"column":12},"end":{"line":13,"column":13}}]},"1":{"loc":{"start":{"line":35,"column":20},"end":{"line":46,"column":21}},"type":"if","locations":[{"start":{"line":35,"column":20},"end":{"line":46,"column":21}},{"start":{"line":38,"column":27},"end":{"line":46,"column":21}}]},"2":{"loc":{"start":{"line":58,"column":20},"end":{"line":63,"column":21}},"type":"if","locations":[{"start":{"line":58,"column":20},"end":{"line":63,"column":21}},{"start":{"line":61,"column":27},"end":{"line":63,"column":21}}]},"3":{"loc":{"start":{"line":75,"column":20},"end":{"line":81,"column":21}},"type":"if","locations":[{"start":{"line":75,"column":20},"end":{"line":81,"column":21}},{"start":{"line":78,"column":27},"end":{"line":81,"column":21}}]}},"s":{"0":2,"1":2,"2":2,"3":0,"4":0,"5":2,"6":2,"7":0,"8":0,"9":0,"10":0,"11":0,"12":0,"13":0,"14":0,"15":0,"16":0,"17":0,"18":0,"19":0,"20":0,"21":0,"22":5,"23":5,"24":5,"25":0,"26":0,"27":5,"28":0,"29":5,"30":2},"f":{"0":2,"1":2,"2":0,"3":0,"4":0,"5":0,"6":0,"7":0,"8":5,"9":5,"10":5,"11":0},"b":{"0":[0],"1":[0,0],"2":[0,0],"3":[0,5]}}
,"D:\\UFMG\\TP PDS\\5estrelas\\5estrelas\\backend\\src\\repositories\\implementation\\EstablishmentRepository.ts": {"path":"D:\\UFMG\\TP PDS\\5estrelas\\5estrelas\\backend\\src\\repositories\\implementation\\EstablishmentRepository.ts","statementMap":{"0":{"start":{"line":3,"column":0},"end":{"line":3,"column":30}},"1":{"start":{"line":9,"column":8},"end":{"line":15,"column":11}},"2":{"start":{"line":10,"column":12},"end":{"line":13,"column":13}},"3":{"start":{"line":11,"column":16},"end":{"line":11,"column":77}},"4":{"start":{"line":12,"column":16},"end":{"line":12,"column":26}},"5":{"start":{"line":14,"column":12},"end":{"line":14,"column":56}},"6":{"start":{"line":17,"column":8},"end":{"line":34,"column":7}},"7":{"start":{"line":38,"column":114},"end":{"line":38,"column":131}},"8":{"start":{"line":39,"column":8},"end":{"line":67,"column":11}},"9":{"start":{"line":40,"column":12},"end":{"line":66,"column":14}},"10":{"start":{"line":44,"column":20},"end":{"line":64,"column":21}},"11":{"start":{"line":45,"column":24},"end":{"line":45,"column":85}},"12":{"start":{"line":46,"column":24},"end":{"line":46,"column":36}},"13":{"start":{"line":48,"column":64},"end":{"line":62,"column":null}},"14":{"start":{"line":63,"column":24},"end":{"line":63,"column":50}},"15":{"start":{"line":71,"column":8},"end":{"line":84,"column":11}},"16":{"start":{"line":72,"column":12},"end":{"line":83,"column":14}},"17":{"start":{"line":76,"column":20},"end":{"line":81,"column":21}},"18":{"start":{"line":77,"column":24},"end":{"line":77,"column":90}},"19":{"start":{"line":78,"column":24},"end":{"line":78,"column":36}},"20":{"start":{"line":80,"column":24},"end":{"line":80,"column":61}},"21":{"start":{"line":88,"column":8},"end":{"line":100,"column":11}},"22":{"start":{"line":89,"column":12},"end":{"line":99,"column":14}},"23":{"start":{"line":92,"column":20},"end":{"line":97,"column":21}},"24":{"start":{"line":93,"column":24},"end":{"line":93,"column":89}},"25":{"start":{"line":94,"column":24},"end":{"line":94,"column":36}},"26":{"start":{"line":96,"column":24},"end":{"line":96,"column":57}},"27":{"start":{"line":104,"column":8},"end":{"line":109,"column":11}},"28":{"start":{"line":105,"column":12},"end":{"line":108,"column":14}},"29":{"start":{"line":5,"column":0},"end":{"line":5,"column":13}}},"fnMap":{"0":{"name":"(anonymous_1)","decl":{"start":{"line":8,"column":4},"end":{"line":8,"column":null}},"loc":{"start":{"line":8,"column":4},"end":{"line":35,"column":5}}},"1":{"name":"(anonymous_2)","decl":{"start":{"line":9,"column":56},"end":{"line":9,"column":57}},"loc":{"start":{"line":9,"column":64},"end":{"line":15,"column":9}}},"2":{"name":"(anonymous_3)","decl":{"start":{"line":37,"column":4},"end":{"line":37,"column":9}},"loc":{"start":{"line":37,"column":212},"end":{"line":68,"column":5}}},"3":{"name":"(anonymous_4)","decl":{"start":{"line":39,"column":42},"end":{"line":39,"column":43}},"loc":{"start":{"line":39,"column":62},"end":{"line":67,"column":9}}},"4":{"name":"(anonymous_5)","decl":{"start":{"line":43,"column":16},"end":{"line":43,"column":26}},"loc":{"start":{"line":43,"column":29},"end":{"line":65,"column":17}}},"5":{"name":"(anonymous_6)","decl":{"start":{"line":70,"column":4},"end":{"line":70,"column":9}},"loc":{"start":{"line":70,"column":24},"end":{"line":85,"column":5}}},"6":{"name":"(anonymous_7)","decl":{"start":{"line":71,"column":49},"end":{"line":71,"column":50}},"loc":{"start":{"line":71,"column":69},"end":{"line":84,"column":9}}},"7":{"name":"(anonymous_8)","decl":{"start":{"line":75,"column":16},"end":{"line":75,"column":17}},"loc":{"start":{"line":75,"column":29},"end":{"line":82,"column":17}}},"8":{"name":"(anonymous_9)","decl":{"start":{"line":87,"column":4},"end":{"line":87,"column":9}},"loc":{"start":{"line":87,"column":16},"end":{"line":101,"column":5}}},"9":{"name":"(anonymous_10)","decl":{"start":{"line":88,"column":44},"end":{"line":88,"column":45}},"loc":{"start":{"line":88,"column":64},"end":{"line":100,"column":9}}},"10":{"name":"(anonymous_11)","decl":{"start":{"line":91,"column":16},"end":{"line":91,"column":17}},"loc":{"start":{"line":91,"column":30},"end":{"line":98,"column":17}}},"11":{"name":"(anonymous_12)","decl":{"start":{"line":103,"column":4},"end":{"line":103,"column":9}},"loc":{"start":{"line":103,"column":56},"end":{"line":110,"column":5}}},"12":{"name":"(anonymous_13)","decl":{"start":{"line":104,"column":33},"end":{"line":104,"column":34}},"loc":{"start":{"line":104,"column":53},"end":{"line":109,"column":9}}}},"branchMap":{"0":{"loc":{"start":{"line":10,"column":12},"end":{"line":13,"column":13}},"type":"if","locations":[{"start":{"line":10,"column":12},"end":{"line":13,"column":13}}]},"1":{"loc":{"start":{"line":44,"column":20},"end":{"line":64,"column":21}},"type":"if","locations":[{"start":{"line":44,"column":20},"end":{"line":64,"column":21}},{"start":{"line":47,"column":27},"end":{"line":64,"column":21}}]},"2":{"loc":{"start":{"line":76,"column":20},"end":{"line":81,"column":21}},"type":"if","locations":[{"start":{"line":76,"column":20},"end":{"line":81,"column":21}},{"start":{"line":79,"column":27},"end":{"line":81,"column":21}}]},"3":{"loc":{"start":{"line":92,"column":20},"end":{"line":97,"column":21}},"type":"if","locations":[{"start":{"line":92,"column":20},"end":{"line":97,"column":21}},{"start":{"line":95,"column":27},"end":{"line":97,"column":21}}]}},"s":{"0":2,"1":2,"2":2,"3":0,"4":0,"5":2,"6":2,"7":0,"8":0,"9":0,"10":0,"11":0,"12":0,"13":0,"14":0,"15":4,"16":4,"17":4,"18":0,"19":0,"20":4,"21":0,"22":0,"23":0,"24":0,"25":0,"26":0,"27":0,"28":0,"29":2},"f":{"0":2,"1":2,"2":0,"3":0,"4":0,"5":4,"6":4,"7":4,"8":0,"9":0,"10":0,"11":0,"12":0},"b":{"0":[0],"1":[0,0],"2":[0,4],"3":[0,0]}}
,"D:\\UFMG\\TP PDS\\5estrelas\\5estrelas\\backend\\src\\repositories\\implementation\\ReviewFeedbackRepository.ts": {"path":"D:\\UFMG\\TP PDS\\5estrelas\\5estrelas\\backend\\src\\repositories\\implementation\\ReviewFeedbackRepository.ts","statementMap":{"0":{"start":{"line":3,"column":0},"end":{"line":3,"column":30}},"1":{"start":{"line":9,"column":8},"end":{"line":15,"column":11}},"2":{"start":{"line":10,"column":12},"end":{"line":13,"column":13}},"3":{"start":{"line":11,"column":16},"end":{"line":11,"column":77}},"4":{"start":{"line":12,"column":16},"end":{"line":12,"column":26}},"5":{"start":{"line":14,"column":12},"end":{"line":14,"column":56}},"6":{"start":{"line":17,"column":8},"end":{"line":26,"column":7}},"7":{"start":{"line":30,"column":47},"end":{"line":30,"column":65}},"8":{"start":{"line":31,"column":8},"end":{"line":49,"column":11}},"9":{"start":{"line":32,"column":12},"end":{"line":48,"column":14}},"10":{"start":{"line":36,"column":20},"end":{"line":46,"column":21}},"11":{"start":{"line":37,"column":24},"end":{"line":37,"column":79}},"12":{"start":{"line":38,"column":24},"end":{"line":38,"column":36}},"13":{"start":{"line":40,"column":66},"end":{"line":44,"column":null}},"14":{"start":{"line":45,"column":24},"end":{"line":45,"column":51}},"15":{"start":{"line":53,"column":8},"end":{"line":66,"column":11}},"16":{"start":{"line":54,"column":12},"end":{"line":65,"column":14}},"17":{"start":{"line":58,"column":20},"end":{"line":63,"column":21}},"18":{"start":{"line":59,"column":24},"end":{"line":59,"column":108}},"19":{"start":{"line":60,"column":24},"end":{"line":60,"column":36}},"20":{"start":{"line":62,"column":24},"end":{"line":62,"column":62}},"21":{"start":{"line":70,"column":8},"end":{"line":84,"column":11}},"22":{"start":{"line":71,"column":12},"end":{"line":83,"column":14}},"23":{"start":{"line":75,"column":20},"end":{"line":81,"column":21}},"24":{"start":{"line":76,"column":24},"end":{"line":76,"column":99}},"25":{"start":{"line":77,"column":24},"end":{"line":77,"column":36}},"26":{"start":{"line":79,"column":60},"end":{"line":79,"column":105}},"27":{"start":{"line":79,"column":83},"end":{"line":79,"column":104}},"28":{"start":{"line":80,"column":24},"end":{"line":80,"column":43}},"29":{"start":{"line":5,"column":0},"end":{"line":5,"column":13}}},"fnMap":{"0":{"name":"(anonymous_1)","decl":{"start":{"line":8,"column":4},"end":{"line":8,"column":null}},"loc":{"start":{"line":8,"column":4},"end":{"line":27,"column":5}}},"1":{"name":"(anonymous_2)","decl":{"start":{"line":9,"column":56},"end":{"line":9,"column":57}},"loc":{"start":{"line":9,"column":64},"end":{"line":15,"column":9}}},"2":{"name":"(anonymous_3)","decl":{"start":{"line":29,"column":4},"end":{"line":29,"column":9}},"loc":{"start":{"line":29,"column":102},"end":{"line":50,"column":5}}},"3":{"name":"(anonymous_4)","decl":{"start":{"line":31,"column":43},"end":{"line":31,"column":44}},"loc":{"start":{"line":31,"column":63},"end":{"line":49,"column":9}}},"4":{"name":"(anonymous_5)","decl":{"start":{"line":35,"column":16},"end":{"line":35,"column":26}},"loc":{"start":{"line":35,"column":29},"end":{"line":47,"column":17}}},"5":{"name":"(anonymous_6)","decl":{"start":{"line":52,"column":4},"end":{"line":52,"column":9}},"loc":{"start":{"line":52,"column":46},"end":{"line":67,"column":5}}},"6":{"name":"(anonymous_7)","decl":{"start":{"line":53,"column":50},"end":{"line":53,"column":51}},"loc":{"start":{"line":53,"column":70},"end":{"line":66,"column":9}}},"7":{"name":"(anonymous_8)","decl":{"start":{"line":57,"column":16},"end":{"line":57,"column":17}},"loc":{"start":{"line":57,"column":29},"end":{"line":64,"column":17}}},"8":{"name":"(anonymous_9)","decl":{"start":{"line":69,"column":4},"end":{"line":69,"column":9}},"loc":{"start":{"line":69,"column":47},"end":{"line":85,"column":5}}},"9":{"name":"(anonymous_10)","decl":{"start":{"line":70,"column":45},"end":{"line":70,"column":46}},"loc":{"start":{"line":70,"column":65},"end":{"line":84,"column":9}}},"10":{"name":"(anonymous_11)","decl":{"start":{"line":74,"column":16},"end":{"line":74,"column":17}},"loc":{"start":{"line":74,"column":30},"end":{"line":82,"column":17}}},"11":{"name":"(anonymous_12)","decl":{"start":{"line":79,"column":69},"end":{"line":79,"column":70}},"loc":{"start":{"line":79,"column":83},"end":{"line":79,"column":104}}}},"branchMap":{"0":{"loc":{"start":{"line":10,"column":12},"end":{"line":13,"column":13}},"type":"if","locations":[{"start":{"line":10,"column":12},"end":{"line":13,"column":13}}]},"1":{"loc":{"start":{"line":36,"column":20},"end":{"line":46,"column":21}},"type":"if","locations":[{"start":{"line":36,"column":20},"end":{"line":46,"column":21}},{"start":{"line":39,"column":27},"end":{"line":46,"column":21}}]},"2":{"loc":{"start":{"line":58,"column":20},"end":{"line":63,"column":21}},"type":"if","locations":[{"start":{"line":58,"column":20},"end":{"line":63,"column":21}},{"start":{"line":61,"column":27},"end":{"line":63,"column":21}}]},"3":{"loc":{"start":{"line":75,"column":20},"end":{"line":81,"column":21}},"type":"if","locations":[{"start":{"line":75,"column":20},"end":{"line":81,"column":21}},{"start":{"line":78,"column":27},"end":{"line":81,"column":21}}]}},"s":{"0":2,"1":3,"2":3,"3":0,"4":0,"5":3,"6":3,"7":3,"8":3,"9":3,"10":3,"11":0,"12":0,"13":3,"14":3,"15":6,"16":6,"17":6,"18":0,"19":0,"20":6,"21":0,"22":0,"23":0,"24":0,"25":0,"26":0,"27":0,"28":0,"29":2},"f":{"0":3,"1":3,"2":3,"3":3,"4":3,"5":6,"6":6,"7":6,"8":0,"9":0,"10":0,"11":0},"b":{"0":[0],"1":[0,3],"2":[0,6],"3":[0,0]}}
,"D:\\UFMG\\TP PDS\\5estrelas\\5estrelas\\backend\\src\\repositories\\implementation\\ReviewRepository.ts": {"path":"D:\\UFMG\\TP PDS\\5estrelas\\5estrelas\\backend\\src\\repositories\\implementation\\ReviewRepository.ts","statementMap":{"0":{"start":{"line":3,"column":0},"end":{"line":3,"column":30}},"1":{"start":{"line":9,"column":8},"end":{"line":15,"column":11}},"2":{"start":{"line":10,"column":12},"end":{"line":13,"column":13}},"3":{"start":{"line":11,"column":16},"end":{"line":11,"column":77}},"4":{"start":{"line":12,"column":16},"end":{"line":12,"column":26}},"5":{"start":{"line":14,"column":12},"end":{"line":14,"column":56}},"6":{"start":{"line":17,"column":8},"end":{"line":29,"column":7}},"7":{"start":{"line":33,"column":89},"end":{"line":33,"column":99}},"8":{"start":{"line":34,"column":8},"end":{"line":57,"column":11}},"9":{"start":{"line":35,"column":12},"end":{"line":56,"column":14}},"10":{"start":{"line":39,"column":20},"end":{"line":54,"column":21}},"11":{"start":{"line":40,"column":24},"end":{"line":40,"column":78}},"12":{"start":{"line":41,"column":24},"end":{"line":41,"column":36}},"13":{"start":{"line":43,"column":50},"end":{"line":52,"column":null}},"14":{"start":{"line":53,"column":24},"end":{"line":53,"column":43}},"15":{"start":{"line":61,"column":8},"end":{"line":74,"column":11}},"16":{"start":{"line":62,"column":12},"end":{"line":73,"column":14}},"17":{"start":{"line":66,"column":20},"end":{"line":71,"column":21}},"18":{"start":{"line":67,"column":24},"end":{"line":67,"column":83}},"19":{"start":{"line":68,"column":24},"end":{"line":68,"column":36}},"20":{"start":{"line":70,"column":24},"end":{"line":70,"column":54}},"21":{"start":{"line":78,"column":8},"end":{"line":92,"column":11}},"22":{"start":{"line":79,"column":12},"end":{"line":91,"column":14}},"23":{"start":{"line":83,"column":20},"end":{"line":89,"column":21}},"24":{"start":{"line":84,"column":24},"end":{"line":84,"column":97}},"25":{"start":{"line":85,"column":24},"end":{"line":85,"column":36}},"26":{"start":{"line":87,"column":50},"end":{"line":87,"column":87}},"27":{"start":{"line":87,"column":73},"end":{"line":87,"column":86}},"28":{"start":{"line":88,"column":24},"end":{"line":88,"column":41}},"29":{"start":{"line":96,"column":8},"end":{"line":110,"column":11}},"30":{"start":{"line":97,"column":12},"end":{"line":109,"column":14}},"31":{"start":{"line":101,"column":20},"end":{"line":107,"column":21}},"32":{"start":{"line":102,"column":24},"end":{"line":102,"column":83}},"33":{"start":{"line":103,"column":24},"end":{"line":103,"column":36}},"34":{"start":{"line":105,"column":24},"end":{"line":105,"column":68}},"35":{"start":{"line":106,"column":24},"end":{"line":106,"column":34}},"36":{"start":{"line":5,"column":0},"end":{"line":5,"column":13}}},"fnMap":{"0":{"name":"(anonymous_1)","decl":{"start":{"line":8,"column":4},"end":{"line":8,"column":null}},"loc":{"start":{"line":8,"column":4},"end":{"line":30,"column":5}}},"1":{"name":"(anonymous_2)","decl":{"start":{"line":9,"column":56},"end":{"line":9,"column":57}},"loc":{"start":{"line":9,"column":64},"end":{"line":15,"column":9}}},"2":{"name":"(anonymous_3)","decl":{"start":{"line":32,"column":4},"end":{"line":32,"column":9}},"loc":{"start":{"line":32,"column":155},"end":{"line":58,"column":5}}},"3":{"name":"(anonymous_4)","decl":{"start":{"line":34,"column":35},"end":{"line":34,"column":36}},"loc":{"start":{"line":34,"column":55},"end":{"line":57,"column":9}}},"4":{"name":"(anonymous_5)","decl":{"start":{"line":38,"column":16},"end":{"line":38,"column":26}},"loc":{"start":{"line":38,"column":29},"end":{"line":55,"column":17}}},"5":{"name":"(anonymous_6)","decl":{"start":{"line":60,"column":4},"end":{"line":60,"column":9}},"loc":{"start":{"line":60,"column":24},"end":{"line":75,"column":5}}},"6":{"name":"(anonymous_7)","decl":{"start":{"line":61,"column":42},"end":{"line":61,"column":43}},"loc":{"start":{"line":61,"column":62},"end":{"line":74,"column":9}}},"7":{"name":"(anonymous_8)","decl":{"start":{"line":65,"column":16},"end":{"line":65,"column":17}},"loc":{"start":{"line":65,"column":29},"end":{"line":72,"column":17}}},"8":{"name":"(anonymous_9)","decl":{"start":{"line":77,"column":4},"end":{"line":77,"column":9}},"loc":{"start":{"line":77,"column":61},"end":{"line":93,"column":5}}},"9":{"name":"(anonymous_10)","decl":{"start":{"line":78,"column":37},"end":{"line":78,"column":38}},"loc":{"start":{"line":78,"column":57},"end":{"line":92,"column":9}}},"10":{"name":"(anonymous_11)","decl":{"start":{"line":82,"column":16},"end":{"line":82,"column":17}},"loc":{"start":{"line":82,"column":30},"end":{"line":90,"column":17}}},"11":{"name":"(anonymous_12)","decl":{"start":{"line":87,"column":59},"end":{"line":87,"column":60}},"loc":{"start":{"line":87,"column":73},"end":{"line":87,"column":86}}},"12":{"name":"(anonymous_13)","decl":{"start":{"line":95,"column":4},"end":{"line":95,"column":9}},"loc":{"start":{"line":95,"column":27},"end":{"line":111,"column":5}}},"13":{"name":"(anonymous_14)","decl":{"start":{"line":96,"column":33},"end":{"line":96,"column":34}},"loc":{"start":{"line":96,"column":53},"end":{"line":110,"column":9}}},"14":{"name":"(anonymous_15)","decl":{"start":{"line":100,"column":16},"end":{"line":100,"column":26}},"loc":{"start":{"line":100,"column":29},"end":{"line":108,"column":17}}}},"branchMap":{"0":{"loc":{"start":{"line":10,"column":12},"end":{"line":13,"column":13}},"type":"if","locations":[{"start":{"line":10,"column":12},"end":{"line":13,"column":13}}]},"1":{"loc":{"start":{"line":39,"column":20},"end":{"line":54,"column":21}},"type":"if","locations":[{"start":{"line":39,"column":20},"end":{"line":54,"column":21}},{"start":{"line":42,"column":27},"end":{"line":54,"column":21}}]},"2":{"loc":{"start":{"line":66,"column":20},"end":{"line":71,"column":21}},"type":"if","locations":[{"start":{"line":66,"column":20},"end":{"line":71,"column":21}},{"start":{"line":69,"column":27},"end":{"line":71,"column":21}}]},"3":{"loc":{"start":{"line":83,"column":20},"end":{"line":89,"column":21}},"type":"if","locations":[{"start":{"line":83,"column":20},"end":{"line":89,"column":21}},{"start":{"line":86,"column":27},"end":{"line":89,"column":21}}]},"4":{"loc":{"start":{"line":101,"column":20},"end":{"line":107,"column":21}},"type":"if","locations":[{"start":{"line":101,"column":20},"end":{"line":107,"column":21}},{"start":{"line":104,"column":27},"end":{"line":107,"column":21}}]}},"s":{"0":2,"1":2,"2":2,"3":0,"4":0,"5":2,"6":2,"7":4,"8":4,"9":4,"10":4,"11":0,"12":0,"13":4,"14":4,"15":3,"16":3,"17":3,"18":0,"19":0,"20":3,"21":2,"22":2,"23":2,"24":0,"25":0,"26":2,"27":10,"28":2,"29":0,"30":0,"31":0,"32":0,"33":0,"34":0,"35":0,"36":2},"f":{"0":2,"1":2,"2":4,"3":4,"4":4,"5":3,"6":3,"7":3,"8":2,"9":2,"10":2,"11":10,"12":0,"13":0,"14":0},"b":{"0":[0],"1":[0,4],"2":[0,3],"3":[0,2],"4":[0,0]}}
,"D:\\UFMG\\TP PDS\\5estrelas\\5estrelas\\backend\\src\\repositories\\implementation\\UserRepository.ts": {"path":"D:\\UFMG\\TP PDS\\5estrelas\\5estrelas\\backend\\src\\repositories\\implementation\\UserRepository.ts","statementMap":{"0":{"start":{"line":3,"column":0},"end":{"line":3,"column":30}},"1":{"start":{"line":9,"column":8},"end":{"line":15,"column":11}},"2":{"start":{"line":10,"column":12},"end":{"line":13,"column":13}},"3":{"start":{"line":11,"column":16},"end":{"line":11,"column":77}},"4":{"start":{"line":12,"column":16},"end":{"line":12,"column":26}},"5":{"start":{"line":14,"column":12},"end":{"line":14,"column":56}},"6":{"start":{"line":17,"column":8},"end":{"line":25,"column":7}},"7":{"start":{"line":27,"column":8},"end":{"line":34,"column":7}},"8":{"start":{"line":38,"column":49},"end":{"line":38,"column":57}},"9":{"start":{"line":39,"column":8},"end":{"line":60,"column":11}},"10":{"start":{"line":40,"column":12},"end":{"line":59,"column":14}},"11":{"start":{"line":44,"column":20},"end":{"line":57,"column":21}},"12":{"start":{"line":45,"column":24},"end":{"line":45,"column":76}},"13":{"start":{"line":46,"column":24},"end":{"line":46,"column":36}},"14":{"start":{"line":48,"column":46},"end":{"line":55,"column":null}},"15":{"start":{"line":56,"column":24},"end":{"line":56,"column":41}},"16":{"start":{"line":64,"column":8},"end":{"line":77,"column":11}},"17":{"start":{"line":65,"column":12},"end":{"line":76,"column":14}},"18":{"start":{"line":69,"column":20},"end":{"line":74,"column":21}},"19":{"start":{"line":70,"column":24},"end":{"line":70,"column":81}},"20":{"start":{"line":71,"column":24},"end":{"line":71,"column":36}},"21":{"start":{"line":73,"column":24},"end":{"line":73,"column":52}},"22":{"start":{"line":81,"column":8},"end":{"line":94,"column":11}},"23":{"start":{"line":82,"column":12},"end":{"line":93,"column":14}},"24":{"start":{"line":86,"column":20},"end":{"line":91,"column":21}},"25":{"start":{"line":87,"column":24},"end":{"line":87,"column":84}},"26":{"start":{"line":88,"column":24},"end":{"line":88,"column":36}},"27":{"start":{"line":90,"column":24},"end":{"line":90,"column":52}},"28":{"start":{"line":98,"column":8},"end":{"line":111,"column":11}},"29":{"start":{"line":99,"column":12},"end":{"line":110,"column":14}},"30":{"start":{"line":103,"column":20},"end":{"line":108,"column":21}},"31":{"start":{"line":104,"column":24},"end":{"line":104,"column":94}},"32":{"start":{"line":105,"column":24},"end":{"line":105,"column":36}},"33":{"start":{"line":107,"column":24},"end":{"line":107,"column":34}},"34":{"start":{"line":115,"column":8},"end":{"line":131,"column":11}},"35":{"start":{"line":116,"column":12},"end":{"line":130,"column":14}},"36":{"start":{"line":123,"column":20},"end":{"line":128,"column":21}},"37":{"start":{"line":124,"column":24},"end":{"line":124,"column":94}},"38":{"start":{"line":125,"column":24},"end":{"line":125,"column":36}},"39":{"start":{"line":127,"column":24},"end":{"line":127,"column":57}},"40":{"start":{"line":135,"column":8},"end":{"line":148,"column":11}},"41":{"start":{"line":136,"column":12},"end":{"line":147,"column":14}},"42":{"start":{"line":140,"column":20},"end":{"line":145,"column":21}},"43":{"start":{"line":141,"column":24},"end":{"line":141,"column":93}},"44":{"start":{"line":142,"column":24},"end":{"line":142,"column":36}},"45":{"start":{"line":144,"column":24},"end":{"line":144,"column":34}},"46":{"start":{"line":152,"column":8},"end":{"line":165,"column":11}},"47":{"start":{"line":153,"column":12},"end":{"line":164,"column":14}},"48":{"start":{"line":157,"column":20},"end":{"line":162,"column":21}},"49":{"start":{"line":158,"column":24},"end":{"line":158,"column":90}},"50":{"start":{"line":159,"column":24},"end":{"line":159,"column":36}},"51":{"start":{"line":161,"column":24},"end":{"line":161,"column":57}},"52":{"start":{"line":5,"column":0},"end":{"line":5,"column":13}}},"fnMap":{"0":{"name":"(anonymous_1)","decl":{"start":{"line":8,"column":4},"end":{"line":8,"column":null}},"loc":{"start":{"line":8,"column":4},"end":{"line":35,"column":5}}},"1":{"name":"(anonymous_2)","decl":{"start":{"line":9,"column":56},"end":{"line":9,"column":57}},"loc":{"start":{"line":9,"column":64},"end":{"line":15,"column":9}}},"2":{"name":"(anonymous_3)","decl":{"start":{"line":37,"column":4},"end":{"line":37,"column":9}},"loc":{"start":{"line":37,"column":91},"end":{"line":61,"column":5}}},"3":{"name":"(anonymous_4)","decl":{"start":{"line":39,"column":33},"end":{"line":39,"column":34}},"loc":{"start":{"line":39,"column":53},"end":{"line":60,"column":9}}},"4":{"name":"(anonymous_5)","decl":{"start":{"line":43,"column":16},"end":{"line":43,"column":26}},"loc":{"start":{"line":43,"column":29},"end":{"line":58,"column":17}}},"5":{"name":"(anonymous_6)","decl":{"start":{"line":63,"column":4},"end":{"line":63,"column":9}},"loc":{"start":{"line":63,"column":24},"end":{"line":78,"column":5}}},"6":{"name":"(anonymous_7)","decl":{"start":{"line":64,"column":40},"end":{"line":64,"column":41}},"loc":{"start":{"line":64,"column":60},"end":{"line":77,"column":9}}},"7":{"name":"(anonymous_8)","decl":{"start":{"line":68,"column":16},"end":{"line":68,"column":17}},"loc":{"start":{"line":68,"column":29},"end":{"line":75,"column":17}}},"8":{"name":"(anonymous_9)","decl":{"start":{"line":80,"column":4},"end":{"line":80,"column":9}},"loc":{"start":{"line":80,"column":34},"end":{"line":95,"column":5}}},"9":{"name":"(anonymous_10)","decl":{"start":{"line":81,"column":40},"end":{"line":81,"column":41}},"loc":{"start":{"line":81,"column":60},"end":{"line":94,"column":9}}},"10":{"name":"(anonymous_11)","decl":{"start":{"line":85,"column":16},"end":{"line":85,"column":17}},"loc":{"start":{"line":85,"column":29},"end":{"line":92,"column":17}}},"11":{"name":"(anonymous_12)","decl":{"start":{"line":97,"column":4},"end":{"line":97,"column":9}},"loc":{"start":{"line":97,"column":77},"end":{"line":112,"column":5}}},"12":{"name":"(anonymous_13)","decl":{"start":{"line":98,"column":33},"end":{"line":98,"column":34}},"loc":{"start":{"line":98,"column":53},"end":{"line":111,"column":9}}},"13":{"name":"(anonymous_14)","decl":{"start":{"line":102,"column":16},"end":{"line":102,"column":26}},"loc":{"start":{"line":102,"column":29},"end":{"line":109,"column":17}}},"14":{"name":"(anonymous_15)","decl":{"start":{"line":114,"column":4},"end":{"line":114,"column":9}},"loc":{"start":{"line":114,"column":50},"end":{"line":132,"column":5}}},"15":{"name":"(anonymous_16)","decl":{"start":{"line":115,"column":44},"end":{"line":115,"column":45}},"loc":{"start":{"line":115,"column":64},"end":{"line":131,"column":9}}},"16":{"name":"(anonymous_17)","decl":{"start":{"line":122,"column":16},"end":{"line":122,"column":17}},"loc":{"start":{"line":122,"column":30},"end":{"line":129,"column":17}}},"17":{"name":"(anonymous_18)","decl":{"start":{"line":134,"column":4},"end":{"line":134,"column":9}},"loc":{"start":{"line":134,"column":82},"end":{"line":149,"column":5}}},"18":{"name":"(anonymous_19)","decl":{"start":{"line":135,"column":33},"end":{"line":135,"column":34}},"loc":{"start":{"line":135,"column":53},"end":{"line":148,"column":9}}},"19":{"name":"(anonymous_20)","decl":{"start":{"line":139,"column":16},"end":{"line":139,"column":26}},"loc":{"start":{"line":139,"column":29},"end":{"line":146,"column":17}}},"20":{"name":"(anonymous_21)","decl":{"start":{"line":151,"column":4},"end":{"line":151,"column":9}},"loc":{"start":{"line":151,"column":46},"end":{"line":166,"column":5}}},"21":{"name":"(anonymous_22)","decl":{"start":{"line":152,"column":44},"end":{"line":152,"column":45}},"loc":{"start":{"line":152,"column":64},"end":{"line":165,"column":9}}},"22":{"name":"(anonymous_23)","decl":{"start":{"line":156,"column":16},"end":{"line":156,"column":17}},"loc":{"start":{"line":156,"column":30},"end":{"line":163,"column":17}}}},"branchMap":{"0":{"loc":{"start":{"line":10,"column":12},"end":{"line":13,"column":13}},"type":"if","locations":[{"start":{"line":10,"column":12},"end":{"line":13,"column":13}}]},"1":{"loc":{"start":{"line":44,"column":20},"end":{"line":57,"column":21}},"type":"if","locations":[{"start":{"line":44,"column":20},"end":{"line":57,"column":21}},{"start":{"line":47,"column":27},"end":{"line":57,"column":21}}]},"2":{"loc":{"start":{"line":69,"column":20},"end":{"line":74,"column":21}},"type":"if","locations":[{"start":{"line":69,"column":20},"end":{"line":74,"column":21}},{"start":{"line":72,"column":27},"end":{"line":74,"column":21}}]},"3":{"loc":{"start":{"line":86,"column":20},"end":{"line":91,"column":21}},"type":"if","locations":[{"start":{"line":86,"column":20},"end":{"line":91,"column":21}},{"start":{"line":89,"column":27},"end":{"line":91,"column":21}}]},"4":{"loc":{"start":{"line":103,"column":20},"end":{"line":108,"column":21}},"type":"if","locations":[{"start":{"line":103,"column":20},"end":{"line":108,"column":21}},{"start":{"line":106,"column":27},"end":{"line":108,"column":21}}]},"5":{"loc":{"start":{"line":123,"column":20},"end":{"line":128,"column":21}},"type":"if","locations":[{"start":{"line":123,"column":20},"end":{"line":128,"column":21}},{"start":{"line":126,"column":27},"end":{"line":128,"column":21}}]},"6":{"loc":{"start":{"line":140,"column":20},"end":{"line":145,"column":21}},"type":"if","locations":[{"start":{"line":140,"column":20},"end":{"line":145,"column":21}},{"start":{"line":143,"column":27},"end":{"line":145,"column":21}}]},"7":{"loc":{"start":{"line":157,"column":20},"end":{"line":162,"column":21}},"type":"if","locations":[{"start":{"line":157,"column":20},"end":{"line":162,"column":21}},{"start":{"line":160,"column":27},"end":{"line":162,"column":21}}]}},"s":{"0":3,"1":3,"2":3,"3":0,"4":0,"5":3,"6":3,"7":3,"8":3,"9":3,"10":3,"11":3,"12":0,"13":0,"14":3,"15":3,"16":6,"17":6,"18":6,"19":0,"20":0,"21":6,"22":3,"23":3,"24":3,"25":0,"26":0,"27":3,"28":2,"29":2,"30":2,"31":0,"32":0,"33":2,"34":5,"35":5,"36":5,"37":0,"38":0,"39":5,"40":1,"41":1,"42":1,"43":0,"44":0,"45":1,"46":1,"47":1,"48":1,"49":0,"50":0,"51":1,"52":3},"f":{"0":3,"1":3,"2":3,"3":3,"4":3,"5":6,"6":6,"7":6,"8":3,"9":3,"10":3,"11":2,"12":2,"13":2,"14":5,"15":5,"16":5,"17":1,"18":1,"19":1,"20":1,"21":1,"22":1},"b":{"0":[0],"1":[0,3],"2":[0,6],"3":[0,3],"4":[0,2],"5":[0,5],"6":[0,1],"7":[0,1]}}
,"D:\\UFMG\\TP PDS\\5estrelas\\5estrelas\\backend\\src\\utils\\authentication.ts": {"path":"D:\\UFMG\\TP PDS\\5estrelas\\5estrelas\\backend\\src\\utils\\authentication.ts","statementMap":{"0":{"start":{"line":1,"column":13},"end":{"line":1,"column":28}},"1":{"start":{"line":2,"column":12},"end":{"line":2,"column":35}},"2":{"start":{"line":5,"column":18},"end":{"line":5,"column":46}},"3":{"start":{"line":6,"column":17},"end":{"line":6,"column":26}},"4":{"start":{"line":7,"column":4},"end":{"line":11,"column":5}},"5":{"start":{"line":8,"column":8},"end":{"line":10,"column":11}},"6":{"start":{"line":9,"column":12},"end":{"line":9,"column":34}},"7":{"start":{"line":9,"column":22},"end":{"line":9,"column":34}},"8":{"start":{"line":12,"column":4},"end":{"line":12,"column":18}},"9":{"start":{"line":4,"column":0},"end":{"line":4,"column":16}}},"fnMap":{"0":{"name":"getUserId","decl":{"start":{"line":4,"column":16},"end":{"line":4,"column":25}},"loc":{"start":{"line":4,"column":34},"end":{"line":13,"column":1}}},"1":{"name":"(anonymous_1)","decl":{"start":{"line":8,"column":36},"end":{"line":8,"column":37}},"loc":{"start":{"line":8,"column":61},"end":{"line":10,"column":9}}}},"branchMap":{"0":{"loc":{"start":{"line":7,"column":4},"end":{"line":11,"column":5}},"type":"if","locations":[{"start":{"line":7,"column":4},"end":{"line":11,"column":5}}]},"1":{"loc":{"start":{"line":9,"column":12},"end":{"line":9,"column":34}},"type":"if","locations":[{"start":{"line":9,"column":12},"end":{"line":9,"column":34}}]}},"s":{"0":2,"1":2,"2":0,"3":0,"4":0,"5":0,"6":0,"7":0,"8":0,"9":2},"f":{"0":0,"1":0},"b":{"0":[0],"1":[0]}}
}
