{"/home/gabrielmmf/pds/5estrelas/backend/src/core/services/commentService.ts": {"path":"/home/gabrielmmf/pds/5estrelas/backend/src/core/services/commentService.ts","statementMap":{"0":{"start":{"line":3,"column":0},"end":{"line":3,"column":88}},"1":{"start":{"line":8,"column":8},"end":{"line":8,"column":null}},"2":{"start":{"line":12,"column":26},"end":{"line":12,"column":36}},"3":{"start":{"line":13,"column":24},"end":{"line":13,"column":93}},"4":{"start":{"line":14,"column":8},"end":{"line":14,"column":null}},"5":{"start":{"line":18,"column":21},"end":{"line":18,"column":57}},"6":{"start":{"line":19,"column":8},"end":{"line":19,"column":null}},"7":{"start":{"line":23,"column":25},"end":{"line":23,"column":83}},"8":{"start":{"line":24,"column":8},"end":{"line":24,"column":null}},"9":{"start":{"line":5,"column":0},"end":{"line":5,"column":13}}},"fnMap":{"0":{"name":"(anonymous_0)","decl":{"start":{"line":7,"column":4},"end":{"line":7,"column":null}},"loc":{"start":{"line":7,"column":4},"end":{"line":9,"column":5}}},"1":{"name":"(anonymous_1)","decl":{"start":{"line":11,"column":4},"end":{"line":11,"column":9}},"loc":{"start":{"line":11,"column":57},"end":{"line":15,"column":5}}},"2":{"name":"(anonymous_2)","decl":{"start":{"line":17,"column":4},"end":{"line":17,"column":9}},"loc":{"start":{"line":17,"column":31},"end":{"line":20,"column":5}}},"3":{"name":"(anonymous_3)","decl":{"start":{"line":22,"column":4},"end":{"line":22,"column":9}},"loc":{"start":{"line":22,"column":46},"end":{"line":25,"column":5}}}},"branchMap":{},"s":{"0":3,"1":3,"2":1,"3":1,"4":1,"5":1,"6":1,"7":5,"8":5,"9":3},"f":{"0":3,"1":1,"2":1,"3":5},"b":{}}
,"/home/gabrielmmf/pds/5estrelas/backend/src/core/services/establishmentService.ts": {"path":"/home/gabrielmmf/pds/5estrelas/backend/src/core/services/establishmentService.ts","statementMap":{"0":{"start":{"line":3,"column":0},"end":{"line":3,"column":99}},"1":{"start":{"line":4,"column":0},"end":{"line":4,"column":79}},"2":{"start":{"line":9,"column":8},"end":{"line":9,"column":null}},"3":{"start":{"line":13,"column":34},"end":{"line":13,"column":132}},"4":{"start":{"line":14,"column":33},"end":{"line":14,"column":93}},"5":{"start":{"line":15,"column":8},"end":{"line":15,"column":null}},"6":{"start":{"line":19,"column":30},"end":{"line":19,"column":72}},"7":{"start":{"line":20,"column":8},"end":{"line":24,"column":9}},"8":{"start":{"line":21,"column":30},"end":{"line":21,"column":81}},"9":{"start":{"line":22,"column":27},"end":{"line":22,"column":55}},"10":{"start":{"line":22,"column":48},"end":{"line":22,"column":54}},"11":{"start":{"line":23,"column":12},"end":{"line":23,"column":72}},"12":{"start":{"line":25,"column":8},"end":{"line":25,"column":43}},"13":{"start":{"line":25,"column":31},"end":{"line":25,"column":43}},"14":{"start":{"line":26,"column":8},"end":{"line":26,"column":null}},"15":{"start":{"line":30,"column":31},"end":{"line":30,"column":74}},"16":{"start":{"line":31,"column":8},"end":{"line":39,"column":9}},"17":{"start":{"line":32,"column":30},"end":{"line":32,"column":81}},"18":{"start":{"line":33,"column":27},"end":{"line":33,"column":55}},"19":{"start":{"line":33,"column":48},"end":{"line":33,"column":54}},"20":{"start":{"line":34,"column":12},"end":{"line":38,"column":15}},"21":{"start":{"line":35,"column":16},"end":{"line":35,"column":76}},"22":{"start":{"line":36,"column":16},"end":{"line":36,"column":null}},"23":{"start":{"line":40,"column":8},"end":{"line":40,"column":null}},"24":{"start":{"line":44,"column":28},"end":{"line":44,"column":59}},"25":{"start":{"line":45,"column":8},"end":{"line":47,"column":9}},"26":{"start":{"line":46,"column":12},"end":{"line":46,"column":18}},"27":{"start":{"line":48,"column":26},"end":{"line":48,"column":46}},"28":{"start":{"line":49,"column":32},"end":{"line":49,"column":61}},"29":{"start":{"line":50,"column":33},"end":{"line":50,"column":100}},"30":{"start":{"line":52,"column":8},"end":{"line":52,"column":null}},"31":{"start":{"line":56,"column":8},"end":{"line":56,"column":null}},"32":{"start":{"line":6,"column":0},"end":{"line":6,"column":13}}},"fnMap":{"0":{"name":"(anonymous_0)","decl":{"start":{"line":8,"column":4},"end":{"line":8,"column":null}},"loc":{"start":{"line":8,"column":4},"end":{"line":10,"column":5}}},"1":{"name":"(anonymous_1)","decl":{"start":{"line":12,"column":4},"end":{"line":12,"column":9}},"loc":{"start":{"line":12,"column":204},"end":{"line":16,"column":5}}},"2":{"name":"(anonymous_2)","decl":{"start":{"line":18,"column":4},"end":{"line":18,"column":9}},"loc":{"start":{"line":18,"column":54},"end":{"line":27,"column":5}}},"3":{"name":"(anonymous_3)","decl":{"start":{"line":22,"column":41},"end":{"line":22,"column":44}},"loc":{"start":{"line":22,"column":48},"end":{"line":22,"column":54}}},"4":{"name":"(anonymous_4)","decl":{"start":{"line":29,"column":4},"end":{"line":29,"column":9}},"loc":{"start":{"line":29,"column":43},"end":{"line":41,"column":5}}},"5":{"name":"(anonymous_5)","decl":{"start":{"line":33,"column":41},"end":{"line":33,"column":44}},"loc":{"start":{"line":33,"column":48},"end":{"line":33,"column":54}}},"6":{"name":"(anonymous_6)","decl":{"start":{"line":34,"column":38},"end":{"line":34,"column":51}},"loc":{"start":{"line":34,"column":54},"end":{"line":38,"column":13}}},"7":{"name":"(anonymous_7)","decl":{"start":{"line":43,"column":4},"end":{"line":43,"column":9}},"loc":{"start":{"line":43,"column":52},"end":{"line":53,"column":5}}},"8":{"name":"(anonymous_8)","decl":{"start":{"line":55,"column":4},"end":{"line":55,"column":9}},"loc":{"start":{"line":55,"column":40},"end":{"line":57,"column":5}}}},"branchMap":{"0":{"loc":{"start":{"line":20,"column":8},"end":{"line":24,"column":9}},"type":"if","locations":[{"start":{"line":20,"column":8},"end":{"line":24,"column":9}}]},"1":{"loc":{"start":{"line":20,"column":12},"end":{"line":20,"column":35}},"type":"binary-expr","locations":[{"start":{"line":20,"column":12},"end":{"line":20,"column":18}},{"start":{"line":20,"column":22},"end":{"line":20,"column":35}}]},"2":{"loc":{"start":{"line":25,"column":8},"end":{"line":25,"column":43}},"type":"if","locations":[{"start":{"line":25,"column":8},"end":{"line":25,"column":43}}]},"3":{"loc":{"start":{"line":31,"column":8},"end":{"line":39,"column":9}},"type":"if","locations":[{"start":{"line":31,"column":8},"end":{"line":39,"column":9}}]},"4":{"loc":{"start":{"line":31,"column":12},"end":{"line":31,"column":36}},"type":"binary-expr","locations":[{"start":{"line":31,"column":12},"end":{"line":31,"column":18}},{"start":{"line":31,"column":22},"end":{"line":31,"column":36}}]},"5":{"loc":{"start":{"line":45,"column":8},"end":{"line":47,"column":9}},"type":"if","locations":[{"start":{"line":45,"column":8},"end":{"line":47,"column":9}}]}},"s":{"0":4,"1":4,"2":5,"3":7,"4":7,"5":7,"6":19,"7":19,"8":1,"9":1,"10":0,"11":1,"12":19,"13":3,"14":16,"15":1,"16":1,"17":1,"18":1,"19":0,"20":1,"21":5,"22":5,"23":0,"24":17,"25":17,"26":2,"27":15,"28":15,"29":15,"30":15,"31":1,"32":4},"f":{"0":5,"1":7,"2":19,"3":0,"4":1,"5":0,"6":5,"7":17,"8":1},"b":{"0":[1],"1":[19,1],"2":[3],"3":[1],"4":[1,1],"5":[2]}}
,"/home/gabrielmmf/pds/5estrelas/backend/src/core/services/reviewFeedbackService.ts": {"path":"/home/gabrielmmf/pds/5estrelas/backend/src/core/services/reviewFeedbackService.ts","statementMap":{"0":{"start":{"line":3,"column":0},"end":{"line":3,"column":102}},"1":{"start":{"line":8,"column":8},"end":{"line":8,"column":null}},"2":{"start":{"line":12,"column":34},"end":{"line":12,"column":108}},"3":{"start":{"line":13,"column":8},"end":{"line":13,"column":null}},"4":{"start":{"line":17,"column":31},"end":{"line":17,"column":88}},"5":{"start":{"line":18,"column":8},"end":{"line":18,"column":null}},"6":{"start":{"line":5,"column":0},"end":{"line":5,"column":13}}},"fnMap":{"0":{"name":"(anonymous_0)","decl":{"start":{"line":7,"column":4},"end":{"line":7,"column":null}},"loc":{"start":{"line":7,"column":4},"end":{"line":9,"column":5}}},"1":{"name":"(anonymous_1)","decl":{"start":{"line":11,"column":4},"end":{"line":11,"column":9}},"loc":{"start":{"line":11,"column":93},"end":{"line":14,"column":5}}},"2":{"name":"(anonymous_2)","decl":{"start":{"line":16,"column":4},"end":{"line":16,"column":9}},"loc":{"start":{"line":16,"column":60},"end":{"line":19,"column":5}}}},"branchMap":{},"s":{"0":2,"1":3,"2":3,"3":3,"4":5,"5":5,"6":2},"f":{"0":3,"1":3,"2":5},"b":{}}
,"/home/gabrielmmf/pds/5estrelas/backend/src/core/services/reviewService.ts": {"path":"/home/gabrielmmf/pds/5estrelas/backend/src/core/services/reviewService.ts","statementMap":{"0":{"start":{"line":3,"column":0},"end":{"line":3,"column":86}},"1":{"start":{"line":5,"column":0},"end":{"line":5,"column":64}},"2":{"start":{"line":6,"column":0},"end":{"line":6,"column":80}},"3":{"start":{"line":7,"column":0},"end":{"line":7,"column":86}},"4":{"start":{"line":8,"column":0},"end":{"line":8,"column":98}},"5":{"start":{"line":19,"column":8},"end":{"line":19,"column":null}},"6":{"start":{"line":20,"column":8},"end":{"line":20,"column":null}},"7":{"start":{"line":24,"column":20},"end":{"line":24,"column":21}},"8":{"start":{"line":25,"column":23},"end":{"line":25,"column":24}},"9":{"start":{"line":26,"column":24},"end":{"line":26,"column":34}},"10":{"start":{"line":27,"column":26},"end":{"line":27,"column":134}},"11":{"start":{"line":28,"column":8},"end":{"line":28,"column":73}},"12":{"start":{"line":29,"column":8},"end":{"line":29,"column":null}},"13":{"start":{"line":33,"column":23},"end":{"line":33,"column":58}},"14":{"start":{"line":34,"column":8},"end":{"line":34,"column":null}},"15":{"start":{"line":38,"column":23},"end":{"line":38,"column":47}},"16":{"start":{"line":39,"column":8},"end":{"line":41,"column":9}},"17":{"start":{"line":40,"column":12},"end":{"line":40,"column":53}},"18":{"start":{"line":42,"column":8},"end":{"line":46,"column":9}},"19":{"start":{"line":43,"column":12},"end":{"line":43,"column":54}},"20":{"start":{"line":45,"column":12},"end":{"line":45,"column":51}},"21":{"start":{"line":50,"column":34},"end":{"line":50,"column":106}},"22":{"start":{"line":51,"column":8},"end":{"line":51,"column":23}},"23":{"start":{"line":56,"column":24},"end":{"line":56,"column":79}},"24":{"start":{"line":57,"column":45},"end":{"line":77,"column":11}},"25":{"start":{"line":58,"column":33},"end":{"line":58,"column":123}},"26":{"start":{"line":60,"column":31},"end":{"line":60,"column":71}},"27":{"start":{"line":61,"column":12},"end":{"line":61,"column":58}},"28":{"start":{"line":64,"column":37},"end":{"line":64,"column":88}},"29":{"start":{"line":65,"column":32},"end":{"line":65,"column":41}},"30":{"start":{"line":66,"column":12},"end":{"line":68,"column":13}},"31":{"start":{"line":67,"column":16},"end":{"line":67,"column":null}},"32":{"start":{"line":70,"column":12},"end":{"line":76,"column":14}},"33":{"start":{"line":79,"column":8},"end":{"line":79,"column":34}},"34":{"start":{"line":14,"column":0},"end":{"line":14,"column":13}}},"fnMap":{"0":{"name":"(anonymous_0)","decl":{"start":{"line":18,"column":4},"end":{"line":18,"column":null}},"loc":{"start":{"line":18,"column":4},"end":{"line":21,"column":5}}},"1":{"name":"(anonymous_1)","decl":{"start":{"line":23,"column":4},"end":{"line":23,"column":9}},"loc":{"start":{"line":23,"column":95},"end":{"line":30,"column":5}}},"2":{"name":"(anonymous_2)","decl":{"start":{"line":32,"column":4},"end":{"line":32,"column":9}},"loc":{"start":{"line":32,"column":30},"end":{"line":35,"column":5}}},"3":{"name":"(anonymous_3)","decl":{"start":{"line":37,"column":4},"end":{"line":37,"column":9}},"loc":{"start":{"line":37,"column":49},"end":{"line":47,"column":5}}},"4":{"name":"(anonymous_4)","decl":{"start":{"line":49,"column":4},"end":{"line":49,"column":9}},"loc":{"start":{"line":49,"column":61},"end":{"line":52,"column":5}}},"5":{"name":"(anonymous_5)","decl":{"start":{"line":55,"column":4},"end":{"line":55,"column":9}},"loc":{"start":{"line":55,"column":78},"end":{"line":80,"column":5}}},"6":{"name":"(anonymous_6)","decl":{"start":{"line":57,"column":75},"end":{"line":57,"column":80}},"loc":{"start":{"line":57,"column":92},"end":{"line":77,"column":9}}}},"branchMap":{"0":{"loc":{"start":{"line":39,"column":8},"end":{"line":41,"column":9}},"type":"if","locations":[{"start":{"line":39,"column":8},"end":{"line":41,"column":9}}]},"1":{"loc":{"start":{"line":42,"column":8},"end":{"line":46,"column":9}},"type":"if","locations":[{"start":{"line":42,"column":8},"end":{"line":46,"column":9}},{"start":{"line":44,"column":15},"end":{"line":46,"column":9}}]},"2":{"loc":{"start":{"line":58,"column":33},"end":{"line":58,"column":123}},"type":"cond-expr","locations":[{"start":{"line":58,"column":42},"end":{"line":58,"column":111}},{"start":{"line":58,"column":114},"end":{"line":58,"column":123}}]},"3":{"loc":{"start":{"line":66,"column":12},"end":{"line":68,"column":13}},"type":"if","locations":[{"start":{"line":66,"column":12},"end":{"line":68,"column":13}}]},"4":{"loc":{"start":{"line":66,"column":16},"end":{"line":66,"column":55}},"type":"binary-expr","locations":[{"start":{"line":66,"column":16},"end":{"line":66,"column":32}},{"start":{"line":66,"column":36},"end":{"line":66,"column":55}}]}},"s":{"0":2,"1":2,"2":2,"3":2,"4":2,"5":2,"6":2,"7":13,"8":13,"9":13,"10":13,"11":13,"12":13,"13":4,"14":4,"15":3,"16":3,"17":1,"18":2,"19":1,"20":1,"21":2,"22":2,"23":1,"24":1,"25":4,"26":4,"27":4,"28":4,"29":4,"30":4,"31":0,"32":4,"33":1,"34":2},"f":{"0":2,"1":13,"2":4,"3":3,"4":2,"5":1,"6":4},"b":{"0":[1],"1":[1,1],"2":[4,0],"3":[0],"4":[4,4]}}
,"/home/gabrielmmf/pds/5estrelas/backend/src/core/services/userService.ts": {"path":"/home/gabrielmmf/pds/5estrelas/backend/src/core/services/userService.ts","statementMap":{"0":{"start":{"line":3,"column":0},"end":{"line":3,"column":82}},"1":{"start":{"line":8,"column":8},"end":{"line":8,"column":null}},"2":{"start":{"line":12,"column":24},"end":{"line":12,"column":90}},"3":{"start":{"line":13,"column":8},"end":{"line":13,"column":null}},"4":{"start":{"line":17,"column":21},"end":{"line":17,"column":54}},"5":{"start":{"line":18,"column":8},"end":{"line":18,"column":null}},"6":{"start":{"line":22,"column":21},"end":{"line":22,"column":64}},"7":{"start":{"line":23,"column":8},"end":{"line":23,"column":20}},"8":{"start":{"line":27,"column":26},"end":{"line":27,"column":70}},"9":{"start":{"line":28,"column":23},"end":{"line":28,"column":51}},"10":{"start":{"line":28,"column":44},"end":{"line":28,"column":50}},"11":{"start":{"line":29,"column":8},"end":{"line":29,"column":53}},"12":{"start":{"line":29,"column":46},"end":{"line":29,"column":53}},"13":{"start":{"line":30,"column":8},"end":{"line":30,"column":87}},"14":{"start":{"line":34,"column":31},"end":{"line":34,"column":90}},"15":{"start":{"line":35,"column":8},"end":{"line":40,"column":11}},"16":{"start":{"line":37,"column":12},"end":{"line":37,"column":43}},"17":{"start":{"line":38,"column":12},"end":{"line":38,"column":null}},"18":{"start":{"line":44,"column":8},"end":{"line":44,"column":null}},"19":{"start":{"line":48,"column":31},"end":{"line":48,"column":86}},"20":{"start":{"line":49,"column":26},"end":{"line":49,"column":70}},"21":{"start":{"line":50,"column":23},"end":{"line":50,"column":51}},"22":{"start":{"line":50,"column":44},"end":{"line":50,"column":50}},"23":{"start":{"line":52,"column":8},"end":{"line":55,"column":11}},"24":{"start":{"line":53,"column":12},"end":{"line":53,"column":72}},"25":{"start":{"line":54,"column":12},"end":{"line":54,"column":null}},"26":{"start":{"line":5,"column":0},"end":{"line":5,"column":13}}},"fnMap":{"0":{"name":"(anonymous_0)","decl":{"start":{"line":7,"column":4},"end":{"line":7,"column":null}},"loc":{"start":{"line":7,"column":4},"end":{"line":9,"column":5}}},"1":{"name":"(anonymous_1)","decl":{"start":{"line":11,"column":4},"end":{"line":11,"column":9}},"loc":{"start":{"line":11,"column":81},"end":{"line":14,"column":5}}},"2":{"name":"(anonymous_2)","decl":{"start":{"line":16,"column":4},"end":{"line":16,"column":9}},"loc":{"start":{"line":16,"column":28},"end":{"line":19,"column":5}}},"3":{"name":"(anonymous_3)","decl":{"start":{"line":21,"column":4},"end":{"line":21,"column":9}},"loc":{"start":{"line":21,"column":38},"end":{"line":24,"column":5}}},"4":{"name":"(anonymous_4)","decl":{"start":{"line":26,"column":4},"end":{"line":26,"column":9}},"loc":{"start":{"line":26,"column":77},"end":{"line":31,"column":5}}},"5":{"name":"(anonymous_5)","decl":{"start":{"line":28,"column":37},"end":{"line":28,"column":40}},"loc":{"start":{"line":28,"column":44},"end":{"line":28,"column":50}}},"6":{"name":"(anonymous_6)","decl":{"start":{"line":33,"column":4},"end":{"line":33,"column":9}},"loc":{"start":{"line":33,"column":50},"end":{"line":41,"column":5}}},"7":{"name":"(anonymous_7)","decl":{"start":{"line":35,"column":34},"end":{"line":35,"column":47}},"loc":{"start":{"line":35,"column":50},"end":{"line":40,"column":9}}},"8":{"name":"(anonymous_8)","decl":{"start":{"line":43,"column":4},"end":{"line":43,"column":9}},"loc":{"start":{"line":43,"column":82},"end":{"line":45,"column":5}}},"9":{"name":"(anonymous_9)","decl":{"start":{"line":47,"column":4},"end":{"line":47,"column":9}},"loc":{"start":{"line":47,"column":46},"end":{"line":56,"column":5}}},"10":{"name":"(anonymous_10)","decl":{"start":{"line":50,"column":37},"end":{"line":50,"column":40}},"loc":{"start":{"line":50,"column":44},"end":{"line":50,"column":50}}},"11":{"name":"(anonymous_11)","decl":{"start":{"line":52,"column":34},"end":{"line":52,"column":47}},"loc":{"start":{"line":52,"column":50},"end":{"line":55,"column":9}}}},"branchMap":{"0":{"loc":{"start":{"line":29,"column":8},"end":{"line":29,"column":53}},"type":"if","locations":[{"start":{"line":29,"column":8},"end":{"line":29,"column":53}}]}},"s":{"0":4,"1":6,"2":3,"3":3,"4":5,"5":5,"6":2,"7":2,"8":2,"9":2,"10":1,"11":2,"12":0,"13":2,"14":7,"15":7,"16":2,"17":2,"18":1,"19":1,"20":1,"21":1,"22":0,"23":1,"24":1,"25":1,"26":4},"f":{"0":6,"1":3,"2":5,"3":2,"4":2,"5":1,"6":7,"7":2,"8":1,"9":1,"10":0,"11":1},"b":{"0":[0]}}
,"/home/gabrielmmf/pds/5estrelas/backend/src/repositories/implementation/CommentRepository.ts": {"path":"/home/gabrielmmf/pds/5estrelas/backend/src/repositories/implementation/CommentRepository.ts","statementMap":{"0":{"start":{"line":2,"column":0},"end":{"line":2,"column":39}},"1":{"start":{"line":10,"column":8},"end":{"line":10,"column":27}},"2":{"start":{"line":11,"column":8},"end":{"line":18,"column":7}},"3":{"start":{"line":22,"column":49},"end":{"line":22,"column":60}},"4":{"start":{"line":23,"column":8},"end":{"line":41,"column":11}},"5":{"start":{"line":24,"column":12},"end":{"line":40,"column":14}},"6":{"start":{"line":28,"column":20},"end":{"line":38,"column":21}},"7":{"start":{"line":29,"column":24},"end":{"line":29,"column":36}},"8":{"start":{"line":31,"column":52},"end":{"line":36,"column":null}},"9":{"start":{"line":37,"column":24},"end":{"line":37,"column":44}},"10":{"start":{"line":45,"column":8},"end":{"line":57,"column":11}},"11":{"start":{"line":46,"column":12},"end":{"line":56,"column":14}},"12":{"start":{"line":50,"column":20},"end":{"line":54,"column":21}},"13":{"start":{"line":51,"column":24},"end":{"line":51,"column":36}},"14":{"start":{"line":53,"column":24},"end":{"line":53,"column":55}},"15":{"start":{"line":61,"column":8},"end":{"line":74,"column":11}},"16":{"start":{"line":62,"column":12},"end":{"line":73,"column":14}},"17":{"start":{"line":66,"column":20},"end":{"line":71,"column":21}},"18":{"start":{"line":67,"column":24},"end":{"line":67,"column":36}},"19":{"start":{"line":69,"column":52},"end":{"line":69,"column":90}},"20":{"start":{"line":69,"column":75},"end":{"line":69,"column":89}},"21":{"start":{"line":70,"column":24},"end":{"line":70,"column":42}},"22":{"start":{"line":6,"column":0},"end":{"line":6,"column":13}}},"fnMap":{"0":{"name":"(anonymous_0)","decl":{"start":{"line":9,"column":4},"end":{"line":9,"column":null}},"loc":{"start":{"line":9,"column":4},"end":{"line":19,"column":5}}},"1":{"name":"(anonymous_1)","decl":{"start":{"line":21,"column":4},"end":{"line":21,"column":9}},"loc":{"start":{"line":21,"column":84},"end":{"line":42,"column":5}}},"2":{"name":"(anonymous_2)","decl":{"start":{"line":23,"column":36},"end":{"line":23,"column":37}},"loc":{"start":{"line":23,"column":56},"end":{"line":41,"column":9}}},"3":{"name":"(anonymous_3)","decl":{"start":{"line":27,"column":16},"end":{"line":27,"column":26}},"loc":{"start":{"line":27,"column":29},"end":{"line":39,"column":17}}},"4":{"name":"(anonymous_4)","decl":{"start":{"line":44,"column":4},"end":{"line":44,"column":9}},"loc":{"start":{"line":44,"column":24},"end":{"line":58,"column":5}}},"5":{"name":"(anonymous_5)","decl":{"start":{"line":45,"column":43},"end":{"line":45,"column":44}},"loc":{"start":{"line":45,"column":63},"end":{"line":57,"column":9}}},"6":{"name":"(anonymous_6)","decl":{"start":{"line":49,"column":16},"end":{"line":49,"column":17}},"loc":{"start":{"line":49,"column":29},"end":{"line":55,"column":17}}},"7":{"name":"(anonymous_7)","decl":{"start":{"line":60,"column":4},"end":{"line":60,"column":9}},"loc":{"start":{"line":60,"column":46},"end":{"line":75,"column":5}}},"8":{"name":"(anonymous_8)","decl":{"start":{"line":61,"column":38},"end":{"line":61,"column":39}},"loc":{"start":{"line":61,"column":58},"end":{"line":74,"column":9}}},"9":{"name":"(anonymous_9)","decl":{"start":{"line":65,"column":16},"end":{"line":65,"column":17}},"loc":{"start":{"line":65,"column":30},"end":{"line":72,"column":17}}},"10":{"name":"(anonymous_10)","decl":{"start":{"line":69,"column":61},"end":{"line":69,"column":62}},"loc":{"start":{"line":69,"column":75},"end":{"line":69,"column":89}}}},"branchMap":{"0":{"loc":{"start":{"line":28,"column":20},"end":{"line":38,"column":21}},"type":"if","locations":[{"start":{"line":28,"column":20},"end":{"line":38,"column":21}},{"start":{"line":30,"column":27},"end":{"line":38,"column":21}}]},"1":{"loc":{"start":{"line":50,"column":20},"end":{"line":54,"column":21}},"type":"if","locations":[{"start":{"line":50,"column":20},"end":{"line":54,"column":21}},{"start":{"line":52,"column":27},"end":{"line":54,"column":21}}]},"2":{"loc":{"start":{"line":66,"column":20},"end":{"line":71,"column":21}},"type":"if","locations":[{"start":{"line":66,"column":20},"end":{"line":71,"column":21}},{"start":{"line":68,"column":27},"end":{"line":71,"column":21}}]}},"s":{"0":3,"1":3,"2":3,"3":1,"4":1,"5":1,"6":1,"7":0,"8":1,"9":1,"10":1,"11":1,"12":1,"13":0,"14":1,"15":5,"16":5,"17":5,"18":0,"19":5,"20":1,"21":5,"22":3},"f":{"0":3,"1":1,"2":1,"3":1,"4":1,"5":1,"6":1,"7":5,"8":5,"9":5,"10":1},"b":{"0":[0,1],"1":[0,1],"2":[0,5]}}
,"/home/gabrielmmf/pds/5estrelas/backend/src/repositories/implementation/EstablishmentRepository.ts": {"path":"/home/gabrielmmf/pds/5estrelas/backend/src/repositories/implementation/EstablishmentRepository.ts","statementMap":{"0":{"start":{"line":2,"column":0},"end":{"line":2,"column":39}},"1":{"start":{"line":10,"column":8},"end":{"line":10,"column":27}},"2":{"start":{"line":11,"column":8},"end":{"line":28,"column":7}},"3":{"start":{"line":32,"column":115},"end":{"line":32,"column":132}},"4":{"start":{"line":33,"column":8},"end":{"line":61,"column":11}},"5":{"start":{"line":34,"column":12},"end":{"line":60,"column":14}},"6":{"start":{"line":38,"column":20},"end":{"line":58,"column":21}},"7":{"start":{"line":40,"column":24},"end":{"line":40,"column":36}},"8":{"start":{"line":42,"column":64},"end":{"line":56,"column":null}},"9":{"start":{"line":57,"column":24},"end":{"line":57,"column":50}},"10":{"start":{"line":65,"column":8},"end":{"line":77,"column":11}},"11":{"start":{"line":66,"column":12},"end":{"line":76,"column":14}},"12":{"start":{"line":70,"column":20},"end":{"line":74,"column":21}},"13":{"start":{"line":71,"column":24},"end":{"line":71,"column":36}},"14":{"start":{"line":73,"column":24},"end":{"line":73,"column":61}},"15":{"start":{"line":81,"column":8},"end":{"line":92,"column":11}},"16":{"start":{"line":82,"column":12},"end":{"line":91,"column":14}},"17":{"start":{"line":85,"column":20},"end":{"line":89,"column":21}},"18":{"start":{"line":86,"column":24},"end":{"line":86,"column":36}},"19":{"start":{"line":88,"column":24},"end":{"line":88,"column":57}},"20":{"start":{"line":96,"column":8},"end":{"line":108,"column":11}},"21":{"start":{"line":97,"column":12},"end":{"line":107,"column":14}},"22":{"start":{"line":101,"column":20},"end":{"line":105,"column":21}},"23":{"start":{"line":102,"column":24},"end":{"line":102,"column":36}},"24":{"start":{"line":104,"column":24},"end":{"line":104,"column":34}},"25":{"start":{"line":112,"column":8},"end":{"line":124,"column":11}},"26":{"start":{"line":113,"column":12},"end":{"line":123,"column":14}},"27":{"start":{"line":117,"column":20},"end":{"line":121,"column":21}},"28":{"start":{"line":118,"column":24},"end":{"line":118,"column":36}},"29":{"start":{"line":120,"column":24},"end":{"line":120,"column":34}},"30":{"start":{"line":6,"column":0},"end":{"line":6,"column":13}}},"fnMap":{"0":{"name":"(anonymous_0)","decl":{"start":{"line":9,"column":4},"end":{"line":9,"column":null}},"loc":{"start":{"line":9,"column":4},"end":{"line":29,"column":5}}},"1":{"name":"(anonymous_1)","decl":{"start":{"line":31,"column":4},"end":{"line":31,"column":9}},"loc":{"start":{"line":31,"column":214},"end":{"line":62,"column":5}}},"2":{"name":"(anonymous_2)","decl":{"start":{"line":33,"column":42},"end":{"line":33,"column":43}},"loc":{"start":{"line":33,"column":62},"end":{"line":61,"column":9}}},"3":{"name":"(anonymous_3)","decl":{"start":{"line":37,"column":16},"end":{"line":37,"column":26}},"loc":{"start":{"line":37,"column":29},"end":{"line":59,"column":17}}},"4":{"name":"(anonymous_4)","decl":{"start":{"line":64,"column":4},"end":{"line":64,"column":9}},"loc":{"start":{"line":64,"column":24},"end":{"line":78,"column":5}}},"5":{"name":"(anonymous_5)","decl":{"start":{"line":65,"column":49},"end":{"line":65,"column":50}},"loc":{"start":{"line":65,"column":69},"end":{"line":77,"column":9}}},"6":{"name":"(anonymous_6)","decl":{"start":{"line":69,"column":16},"end":{"line":69,"column":17}},"loc":{"start":{"line":69,"column":29},"end":{"line":75,"column":17}}},"7":{"name":"(anonymous_7)","decl":{"start":{"line":80,"column":4},"end":{"line":80,"column":9}},"loc":{"start":{"line":80,"column":16},"end":{"line":93,"column":5}}},"8":{"name":"(anonymous_8)","decl":{"start":{"line":81,"column":44},"end":{"line":81,"column":45}},"loc":{"start":{"line":81,"column":64},"end":{"line":92,"column":9}}},"9":{"name":"(anonymous_9)","decl":{"start":{"line":84,"column":16},"end":{"line":84,"column":17}},"loc":{"start":{"line":84,"column":30},"end":{"line":90,"column":17}}},"10":{"name":"(anonymous_10)","decl":{"start":{"line":95,"column":4},"end":{"line":95,"column":9}},"loc":{"start":{"line":95,"column":56},"end":{"line":109,"column":5}}},"11":{"name":"(anonymous_11)","decl":{"start":{"line":96,"column":33},"end":{"line":96,"column":34}},"loc":{"start":{"line":96,"column":53},"end":{"line":108,"column":9}}},"12":{"name":"(anonymous_12)","decl":{"start":{"line":100,"column":16},"end":{"line":100,"column":17}},"loc":{"start":{"line":100,"column":24},"end":{"line":106,"column":17}}},"13":{"name":"(anonymous_13)","decl":{"start":{"line":111,"column":4},"end":{"line":111,"column":9}},"loc":{"start":{"line":111,"column":27},"end":{"line":125,"column":5}}},"14":{"name":"(anonymous_14)","decl":{"start":{"line":112,"column":33},"end":{"line":112,"column":34}},"loc":{"start":{"line":112,"column":53},"end":{"line":124,"column":9}}},"15":{"name":"(anonymous_15)","decl":{"start":{"line":116,"column":16},"end":{"line":116,"column":17}},"loc":{"start":{"line":116,"column":24},"end":{"line":122,"column":17}}}},"branchMap":{"0":{"loc":{"start":{"line":38,"column":20},"end":{"line":58,"column":21}},"type":"if","locations":[{"start":{"line":38,"column":20},"end":{"line":58,"column":21}},{"start":{"line":41,"column":27},"end":{"line":58,"column":21}}]},"1":{"loc":{"start":{"line":70,"column":20},"end":{"line":74,"column":21}},"type":"if","locations":[{"start":{"line":70,"column":20},"end":{"line":74,"column":21}},{"start":{"line":72,"column":27},"end":{"line":74,"column":21}}]},"2":{"loc":{"start":{"line":85,"column":20},"end":{"line":89,"column":21}},"type":"if","locations":[{"start":{"line":85,"column":20},"end":{"line":89,"column":21}},{"start":{"line":87,"column":27},"end":{"line":89,"column":21}}]},"3":{"loc":{"start":{"line":101,"column":20},"end":{"line":105,"column":21}},"type":"if","locations":[{"start":{"line":101,"column":20},"end":{"line":105,"column":21}},{"start":{"line":103,"column":27},"end":{"line":105,"column":21}}]},"4":{"loc":{"start":{"line":117,"column":20},"end":{"line":121,"column":21}},"type":"if","locations":[{"start":{"line":117,"column":20},"end":{"line":121,"column":21}},{"start":{"line":119,"column":27},"end":{"line":121,"column":21}}]}},"s":{"0":4,"1":5,"2":5,"3":7,"4":7,"5":7,"6":7,"7":0,"8":7,"9":7,"10":19,"11":19,"12":19,"13":0,"14":19,"15":1,"16":1,"17":1,"18":0,"19":1,"20":15,"21":15,"22":15,"23":0,"24":15,"25":1,"26":1,"27":1,"28":0,"29":1,"30":4},"f":{"0":5,"1":7,"2":7,"3":7,"4":19,"5":19,"6":19,"7":1,"8":1,"9":1,"10":15,"11":15,"12":15,"13":1,"14":1,"15":1},"b":{"0":[0,7],"1":[0,19],"2":[0,1],"3":[0,15],"4":[0,1]}}
,"/home/gabrielmmf/pds/5estrelas/backend/src/repositories/implementation/ReviewFeedbackRepository.ts": {"path":"/home/gabrielmmf/pds/5estrelas/backend/src/repositories/implementation/ReviewFeedbackRepository.ts","statementMap":{"0":{"start":{"line":2,"column":0},"end":{"line":2,"column":39}},"1":{"start":{"line":10,"column":8},"end":{"line":10,"column":27}},"2":{"start":{"line":12,"column":8},"end":{"line":21,"column":7}},"3":{"start":{"line":25,"column":47},"end":{"line":25,"column":65}},"4":{"start":{"line":26,"column":8},"end":{"line":43,"column":11}},"5":{"start":{"line":27,"column":12},"end":{"line":42,"column":14}},"6":{"start":{"line":31,"column":20},"end":{"line":40,"column":21}},"7":{"start":{"line":32,"column":24},"end":{"line":32,"column":36}},"8":{"start":{"line":34,"column":66},"end":{"line":38,"column":null}},"9":{"start":{"line":39,"column":24},"end":{"line":39,"column":51}},"10":{"start":{"line":47,"column":8},"end":{"line":59,"column":11}},"11":{"start":{"line":48,"column":12},"end":{"line":58,"column":14}},"12":{"start":{"line":52,"column":20},"end":{"line":56,"column":21}},"13":{"start":{"line":53,"column":24},"end":{"line":53,"column":36}},"14":{"start":{"line":55,"column":24},"end":{"line":55,"column":62}},"15":{"start":{"line":6,"column":0},"end":{"line":6,"column":13}}},"fnMap":{"0":{"name":"(anonymous_0)","decl":{"start":{"line":9,"column":4},"end":{"line":9,"column":null}},"loc":{"start":{"line":9,"column":4},"end":{"line":22,"column":5}}},"1":{"name":"(anonymous_1)","decl":{"start":{"line":24,"column":4},"end":{"line":24,"column":9}},"loc":{"start":{"line":24,"column":103},"end":{"line":44,"column":5}}},"2":{"name":"(anonymous_2)","decl":{"start":{"line":26,"column":43},"end":{"line":26,"column":44}},"loc":{"start":{"line":26,"column":63},"end":{"line":43,"column":9}}},"3":{"name":"(anonymous_3)","decl":{"start":{"line":30,"column":16},"end":{"line":30,"column":26}},"loc":{"start":{"line":30,"column":29},"end":{"line":41,"column":17}}},"4":{"name":"(anonymous_4)","decl":{"start":{"line":46,"column":4},"end":{"line":46,"column":9}},"loc":{"start":{"line":46,"column":46},"end":{"line":60,"column":5}}},"5":{"name":"(anonymous_5)","decl":{"start":{"line":47,"column":50},"end":{"line":47,"column":51}},"loc":{"start":{"line":47,"column":70},"end":{"line":59,"column":9}}},"6":{"name":"(anonymous_6)","decl":{"start":{"line":51,"column":16},"end":{"line":51,"column":17}},"loc":{"start":{"line":51,"column":29},"end":{"line":57,"column":17}}}},"branchMap":{"0":{"loc":{"start":{"line":31,"column":20},"end":{"line":40,"column":21}},"type":"if","locations":[{"start":{"line":31,"column":20},"end":{"line":40,"column":21}},{"start":{"line":33,"column":27},"end":{"line":40,"column":21}}]},"1":{"loc":{"start":{"line":52,"column":20},"end":{"line":56,"column":21}},"type":"if","locations":[{"start":{"line":52,"column":20},"end":{"line":56,"column":21}},{"start":{"line":54,"column":27},"end":{"line":56,"column":21}}]}},"s":{"0":2,"1":3,"2":3,"3":3,"4":3,"5":3,"6":3,"7":0,"8":3,"9":3,"10":5,"11":5,"12":5,"13":0,"14":5,"15":2},"f":{"0":3,"1":3,"2":3,"3":3,"4":5,"5":5,"6":5},"b":{"0":[0,3],"1":[0,5]}}
,"/home/gabrielmmf/pds/5estrelas/backend/src/repositories/implementation/ReviewRepository.ts": {"path":"/home/gabrielmmf/pds/5estrelas/backend/src/repositories/implementation/ReviewRepository.ts","statementMap":{"0":{"start":{"line":2,"column":0},"end":{"line":2,"column":39}},"1":{"start":{"line":10,"column":8},"end":{"line":10,"column":27}},"2":{"start":{"line":12,"column":8},"end":{"line":24,"column":7}},"3":{"start":{"line":28,"column":89},"end":{"line":28,"column":99}},"4":{"start":{"line":29,"column":8},"end":{"line":51,"column":11}},"5":{"start":{"line":30,"column":12},"end":{"line":50,"column":14}},"6":{"start":{"line":34,"column":20},"end":{"line":48,"column":21}},"7":{"start":{"line":35,"column":24},"end":{"line":35,"column":36}},"8":{"start":{"line":37,"column":50},"end":{"line":46,"column":null}},"9":{"start":{"line":47,"column":24},"end":{"line":47,"column":43}},"10":{"start":{"line":55,"column":8},"end":{"line":67,"column":11}},"11":{"start":{"line":56,"column":12},"end":{"line":66,"column":14}},"12":{"start":{"line":60,"column":20},"end":{"line":64,"column":21}},"13":{"start":{"line":61,"column":24},"end":{"line":61,"column":36}},"14":{"start":{"line":63,"column":24},"end":{"line":63,"column":54}},"15":{"start":{"line":71,"column":8},"end":{"line":84,"column":11}},"16":{"start":{"line":72,"column":12},"end":{"line":83,"column":14}},"17":{"start":{"line":76,"column":20},"end":{"line":81,"column":21}},"18":{"start":{"line":77,"column":24},"end":{"line":77,"column":36}},"19":{"start":{"line":79,"column":50},"end":{"line":79,"column":87}},"20":{"start":{"line":79,"column":73},"end":{"line":79,"column":86}},"21":{"start":{"line":80,"column":24},"end":{"line":80,"column":41}},"22":{"start":{"line":88,"column":8},"end":{"line":100,"column":11}},"23":{"start":{"line":89,"column":12},"end":{"line":99,"column":14}},"24":{"start":{"line":93,"column":20},"end":{"line":97,"column":21}},"25":{"start":{"line":94,"column":24},"end":{"line":94,"column":36}},"26":{"start":{"line":96,"column":24},"end":{"line":96,"column":34}},"27":{"start":{"line":6,"column":0},"end":{"line":6,"column":13}}},"fnMap":{"0":{"name":"(anonymous_0)","decl":{"start":{"line":9,"column":4},"end":{"line":9,"column":null}},"loc":{"start":{"line":9,"column":4},"end":{"line":25,"column":5}}},"1":{"name":"(anonymous_1)","decl":{"start":{"line":27,"column":4},"end":{"line":27,"column":9}},"loc":{"start":{"line":27,"column":155},"end":{"line":52,"column":5}}},"2":{"name":"(anonymous_2)","decl":{"start":{"line":29,"column":35},"end":{"line":29,"column":36}},"loc":{"start":{"line":29,"column":55},"end":{"line":51,"column":9}}},"3":{"name":"(anonymous_3)","decl":{"start":{"line":33,"column":16},"end":{"line":33,"column":26}},"loc":{"start":{"line":33,"column":29},"end":{"line":49,"column":17}}},"4":{"name":"(anonymous_4)","decl":{"start":{"line":54,"column":4},"end":{"line":54,"column":9}},"loc":{"start":{"line":54,"column":24},"end":{"line":68,"column":5}}},"5":{"name":"(anonymous_5)","decl":{"start":{"line":55,"column":42},"end":{"line":55,"column":43}},"loc":{"start":{"line":55,"column":62},"end":{"line":67,"column":9}}},"6":{"name":"(anonymous_6)","decl":{"start":{"line":59,"column":16},"end":{"line":59,"column":17}},"loc":{"start":{"line":59,"column":29},"end":{"line":65,"column":17}}},"7":{"name":"(anonymous_7)","decl":{"start":{"line":70,"column":4},"end":{"line":70,"column":9}},"loc":{"start":{"line":70,"column":61},"end":{"line":85,"column":5}}},"8":{"name":"(anonymous_8)","decl":{"start":{"line":71,"column":37},"end":{"line":71,"column":38}},"loc":{"start":{"line":71,"column":57},"end":{"line":84,"column":9}}},"9":{"name":"(anonymous_9)","decl":{"start":{"line":75,"column":16},"end":{"line":75,"column":17}},"loc":{"start":{"line":75,"column":30},"end":{"line":82,"column":17}}},"10":{"name":"(anonymous_10)","decl":{"start":{"line":79,"column":59},"end":{"line":79,"column":60}},"loc":{"start":{"line":79,"column":73},"end":{"line":79,"column":86}}},"11":{"name":"(anonymous_11)","decl":{"start":{"line":87,"column":4},"end":{"line":87,"column":9}},"loc":{"start":{"line":87,"column":27},"end":{"line":101,"column":5}}},"12":{"name":"(anonymous_12)","decl":{"start":{"line":88,"column":33},"end":{"line":88,"column":34}},"loc":{"start":{"line":88,"column":53},"end":{"line":100,"column":9}}},"13":{"name":"(anonymous_13)","decl":{"start":{"line":92,"column":16},"end":{"line":92,"column":26}},"loc":{"start":{"line":92,"column":29},"end":{"line":98,"column":17}}}},"branchMap":{"0":{"loc":{"start":{"line":34,"column":20},"end":{"line":48,"column":21}},"type":"if","locations":[{"start":{"line":34,"column":20},"end":{"line":48,"column":21}},{"start":{"line":36,"column":27},"end":{"line":48,"column":21}}]},"1":{"loc":{"start":{"line":60,"column":20},"end":{"line":64,"column":21}},"type":"if","locations":[{"start":{"line":60,"column":20},"end":{"line":64,"column":21}},{"start":{"line":62,"column":27},"end":{"line":64,"column":21}}]},"2":{"loc":{"start":{"line":76,"column":20},"end":{"line":81,"column":21}},"type":"if","locations":[{"start":{"line":76,"column":20},"end":{"line":81,"column":21}},{"start":{"line":78,"column":27},"end":{"line":81,"column":21}}]},"3":{"loc":{"start":{"line":93,"column":20},"end":{"line":97,"column":21}},"type":"if","locations":[{"start":{"line":93,"column":20},"end":{"line":97,"column":21}},{"start":{"line":95,"column":27},"end":{"line":97,"column":21}}]}},"s":{"0":2,"1":2,"2":2,"3":13,"4":13,"5":13,"6":13,"7":0,"8":13,"9":13,"10":4,"11":4,"12":4,"13":0,"14":4,"15":2,"16":2,"17":2,"18":0,"19":2,"20":7,"21":2,"22":1,"23":1,"24":1,"25":0,"26":1,"27":2},"f":{"0":2,"1":13,"2":13,"3":13,"4":4,"5":4,"6":4,"7":2,"8":2,"9":2,"10":7,"11":1,"12":1,"13":1},"b":{"0":[0,13],"1":[0,4],"2":[0,2],"3":[0,1]}}
,"/home/gabrielmmf/pds/5estrelas/backend/src/repositories/implementation/UserRepository.ts": {"path":"/home/gabrielmmf/pds/5estrelas/backend/src/repositories/implementation/UserRepository.ts","statementMap":{"0":{"start":{"line":2,"column":0},"end":{"line":2,"column":39}},"1":{"start":{"line":10,"column":8},"end":{"line":10,"column":27}},"2":{"start":{"line":12,"column":8},"end":{"line":20,"column":7}},"3":{"start":{"line":22,"column":8},"end":{"line":29,"column":7}},"4":{"start":{"line":33,"column":49},"end":{"line":33,"column":57}},"5":{"start":{"line":34,"column":8},"end":{"line":54,"column":11}},"6":{"start":{"line":35,"column":12},"end":{"line":53,"column":14}},"7":{"start":{"line":39,"column":20},"end":{"line":51,"column":21}},"8":{"start":{"line":40,"column":24},"end":{"line":40,"column":36}},"9":{"start":{"line":42,"column":46},"end":{"line":49,"column":null}},"10":{"start":{"line":50,"column":24},"end":{"line":50,"column":41}},"11":{"start":{"line":58,"column":8},"end":{"line":70,"column":11}},"12":{"start":{"line":59,"column":12},"end":{"line":69,"column":14}},"13":{"start":{"line":63,"column":20},"end":{"line":67,"column":21}},"14":{"start":{"line":64,"column":24},"end":{"line":64,"column":36}},"15":{"start":{"line":66,"column":24},"end":{"line":66,"column":52}},"16":{"start":{"line":74,"column":8},"end":{"line":86,"column":11}},"17":{"start":{"line":75,"column":12},"end":{"line":85,"column":14}},"18":{"start":{"line":79,"column":20},"end":{"line":83,"column":21}},"19":{"start":{"line":80,"column":24},"end":{"line":80,"column":36}},"20":{"start":{"line":82,"column":24},"end":{"line":82,"column":52}},"21":{"start":{"line":90,"column":8},"end":{"line":102,"column":11}},"22":{"start":{"line":91,"column":12},"end":{"line":101,"column":14}},"23":{"start":{"line":95,"column":20},"end":{"line":99,"column":21}},"24":{"start":{"line":96,"column":24},"end":{"line":96,"column":36}},"25":{"start":{"line":98,"column":24},"end":{"line":98,"column":34}},"26":{"start":{"line":106,"column":8},"end":{"line":121,"column":11}},"27":{"start":{"line":107,"column":12},"end":{"line":120,"column":14}},"28":{"start":{"line":114,"column":20},"end":{"line":118,"column":21}},"29":{"start":{"line":115,"column":24},"end":{"line":115,"column":36}},"30":{"start":{"line":117,"column":24},"end":{"line":117,"column":57}},"31":{"start":{"line":125,"column":8},"end":{"line":137,"column":11}},"32":{"start":{"line":126,"column":12},"end":{"line":136,"column":14}},"33":{"start":{"line":130,"column":20},"end":{"line":134,"column":21}},"34":{"start":{"line":131,"column":24},"end":{"line":131,"column":36}},"35":{"start":{"line":133,"column":24},"end":{"line":133,"column":34}},"36":{"start":{"line":141,"column":8},"end":{"line":153,"column":11}},"37":{"start":{"line":142,"column":12},"end":{"line":152,"column":14}},"38":{"start":{"line":146,"column":20},"end":{"line":150,"column":21}},"39":{"start":{"line":147,"column":24},"end":{"line":147,"column":36}},"40":{"start":{"line":149,"column":24},"end":{"line":149,"column":57}},"41":{"start":{"line":6,"column":0},"end":{"line":6,"column":13}}},"fnMap":{"0":{"name":"(anonymous_0)","decl":{"start":{"line":9,"column":4},"end":{"line":9,"column":null}},"loc":{"start":{"line":9,"column":4},"end":{"line":30,"column":5}}},"1":{"name":"(anonymous_1)","decl":{"start":{"line":32,"column":4},"end":{"line":32,"column":9}},"loc":{"start":{"line":32,"column":91},"end":{"line":55,"column":5}}},"2":{"name":"(anonymous_2)","decl":{"start":{"line":34,"column":33},"end":{"line":34,"column":34}},"loc":{"start":{"line":34,"column":53},"end":{"line":54,"column":9}}},"3":{"name":"(anonymous_3)","decl":{"start":{"line":38,"column":16},"end":{"line":38,"column":26}},"loc":{"start":{"line":38,"column":29},"end":{"line":52,"column":17}}},"4":{"name":"(anonymous_4)","decl":{"start":{"line":57,"column":4},"end":{"line":57,"column":9}},"loc":{"start":{"line":57,"column":24},"end":{"line":71,"column":5}}},"5":{"name":"(anonymous_5)","decl":{"start":{"line":58,"column":40},"end":{"line":58,"column":41}},"loc":{"start":{"line":58,"column":60},"end":{"line":70,"column":9}}},"6":{"name":"(anonymous_6)","decl":{"start":{"line":62,"column":16},"end":{"line":62,"column":17}},"loc":{"start":{"line":62,"column":29},"end":{"line":68,"column":17}}},"7":{"name":"(anonymous_7)","decl":{"start":{"line":73,"column":4},"end":{"line":73,"column":9}},"loc":{"start":{"line":73,"column":34},"end":{"line":87,"column":5}}},"8":{"name":"(anonymous_8)","decl":{"start":{"line":74,"column":40},"end":{"line":74,"column":41}},"loc":{"start":{"line":74,"column":60},"end":{"line":86,"column":9}}},"9":{"name":"(anonymous_9)","decl":{"start":{"line":78,"column":16},"end":{"line":78,"column":17}},"loc":{"start":{"line":78,"column":29},"end":{"line":84,"column":17}}},"10":{"name":"(anonymous_10)","decl":{"start":{"line":89,"column":4},"end":{"line":89,"column":9}},"loc":{"start":{"line":89,"column":77},"end":{"line":103,"column":5}}},"11":{"name":"(anonymous_11)","decl":{"start":{"line":90,"column":33},"end":{"line":90,"column":34}},"loc":{"start":{"line":90,"column":53},"end":{"line":102,"column":9}}},"12":{"name":"(anonymous_12)","decl":{"start":{"line":94,"column":16},"end":{"line":94,"column":26}},"loc":{"start":{"line":94,"column":29},"end":{"line":100,"column":17}}},"13":{"name":"(anonymous_13)","decl":{"start":{"line":105,"column":4},"end":{"line":105,"column":9}},"loc":{"start":{"line":105,"column":50},"end":{"line":122,"column":5}}},"14":{"name":"(anonymous_14)","decl":{"start":{"line":106,"column":44},"end":{"line":106,"column":45}},"loc":{"start":{"line":106,"column":64},"end":{"line":121,"column":9}}},"15":{"name":"(anonymous_15)","decl":{"start":{"line":113,"column":16},"end":{"line":113,"column":17}},"loc":{"start":{"line":113,"column":30},"end":{"line":119,"column":17}}},"16":{"name":"(anonymous_16)","decl":{"start":{"line":124,"column":4},"end":{"line":124,"column":9}},"loc":{"start":{"line":124,"column":82},"end":{"line":138,"column":5}}},"17":{"name":"(anonymous_17)","decl":{"start":{"line":125,"column":33},"end":{"line":125,"column":34}},"loc":{"start":{"line":125,"column":53},"end":{"line":137,"column":9}}},"18":{"name":"(anonymous_18)","decl":{"start":{"line":129,"column":16},"end":{"line":129,"column":26}},"loc":{"start":{"line":129,"column":29},"end":{"line":135,"column":17}}},"19":{"name":"(anonymous_19)","decl":{"start":{"line":140,"column":4},"end":{"line":140,"column":9}},"loc":{"start":{"line":140,"column":46},"end":{"line":154,"column":5}}},"20":{"name":"(anonymous_20)","decl":{"start":{"line":141,"column":44},"end":{"line":141,"column":45}},"loc":{"start":{"line":141,"column":64},"end":{"line":153,"column":9}}},"21":{"name":"(anonymous_21)","decl":{"start":{"line":145,"column":16},"end":{"line":145,"column":17}},"loc":{"start":{"line":145,"column":30},"end":{"line":151,"column":17}}}},"branchMap":{"0":{"loc":{"start":{"line":39,"column":20},"end":{"line":51,"column":21}},"type":"if","locations":[{"start":{"line":39,"column":20},"end":{"line":51,"column":21}},{"start":{"line":41,"column":27},"end":{"line":51,"column":21}}]},"1":{"loc":{"start":{"line":63,"column":20},"end":{"line":67,"column":21}},"type":"if","locations":[{"start":{"line":63,"column":20},"end":{"line":67,"column":21}},{"start":{"line":65,"column":27},"end":{"line":67,"column":21}}]},"2":{"loc":{"start":{"line":79,"column":20},"end":{"line":83,"column":21}},"type":"if","locations":[{"start":{"line":79,"column":20},"end":{"line":83,"column":21}},{"start":{"line":81,"column":27},"end":{"line":83,"column":21}}]},"3":{"loc":{"start":{"line":95,"column":20},"end":{"line":99,"column":21}},"type":"if","locations":[{"start":{"line":95,"column":20},"end":{"line":99,"column":21}},{"start":{"line":97,"column":27},"end":{"line":99,"column":21}}]},"4":{"loc":{"start":{"line":114,"column":20},"end":{"line":118,"column":21}},"type":"if","locations":[{"start":{"line":114,"column":20},"end":{"line":118,"column":21}},{"start":{"line":116,"column":27},"end":{"line":118,"column":21}}]},"5":{"loc":{"start":{"line":130,"column":20},"end":{"line":134,"column":21}},"type":"if","locations":[{"start":{"line":130,"column":20},"end":{"line":134,"column":21}},{"start":{"line":132,"column":27},"end":{"line":134,"column":21}}]},"6":{"loc":{"start":{"line":146,"column":20},"end":{"line":150,"column":21}},"type":"if","locations":[{"start":{"line":146,"column":20},"end":{"line":150,"column":21}},{"start":{"line":148,"column":27},"end":{"line":150,"column":21}}]}},"s":{"0":4,"1":6,"2":6,"3":6,"4":3,"5":3,"6":3,"7":3,"8":0,"9":3,"10":3,"11":5,"12":5,"13":5,"14":0,"15":5,"16":2,"17":2,"18":2,"19":0,"20":2,"21":2,"22":2,"23":2,"24":0,"25":2,"26":7,"27":7,"28":7,"29":0,"30":7,"31":1,"32":1,"33":1,"34":0,"35":1,"36":1,"37":1,"38":1,"39":0,"40":1,"41":4},"f":{"0":6,"1":3,"2":3,"3":3,"4":5,"5":5,"6":5,"7":2,"8":2,"9":2,"10":2,"11":2,"12":2,"13":7,"14":7,"15":7,"16":1,"17":1,"18":1,"19":1,"20":1,"21":1},"b":{"0":[0,3],"1":[0,5],"2":[0,2],"3":[0,2],"4":[0,7],"5":[0,1],"6":[0,1]}}
}
