TN:
SF:src\core\services\commentService.ts
FN:7,(anonymous_0)
FN:11,(anonymous_1)
FN:17,(anonymous_2)
FN:22,(anonymous_3)
FNF:4
FNH:2
FNDA:2,(anonymous_0)
FNDA:0,(anonymous_1)
FNDA:0,(anonymous_2)
FNDA:5,(anonymous_3)
DA:3,2
DA:5,2
DA:8,2
DA:12,0
DA:13,0
DA:14,0
DA:18,0
DA:19,0
DA:23,5
DA:24,5
LF:10
LH:5
BRF:0
BRH:0
end_of_record
TN:
SF:src\core\services\establishmentService.ts
FN:8,(anonymous_0)
FN:12,(anonymous_1)
FN:18,(anonymous_2)
FN:22,(anonymous_3)
FN:29,(anonymous_4)
FN:33,(anonymous_5)
FN:34,(anonymous_6)
FN:43,(anonymous_7)
FN:55,(anonymous_8)
FNF:9
FNH:3
FNDA:2,(anonymous_0)
FNDA:0,(anonymous_1)
FNDA:4,(anonymous_2)
FNDA:0,(anonymous_3)
FNDA:0,(anonymous_4)
FNDA:0,(anonymous_5)
FNDA:0,(anonymous_6)
FNDA:4,(anonymous_7)
FNDA:0,(anonymous_8)
DA:3,2
DA:4,2
DA:6,2
DA:9,2
DA:13,0
DA:14,0
DA:15,0
DA:19,4
DA:20,4
DA:21,0
DA:22,0
DA:23,0
DA:25,4
DA:26,0
DA:30,0
DA:31,0
DA:32,0
DA:33,0
DA:34,0
DA:35,0
DA:36,0
DA:40,0
DA:44,4
DA:45,4
DA:46,4
DA:48,0
DA:49,0
DA:50,0
DA:52,0
DA:56,0
LF:30
LH:10
BRDA:20,0,0,0
BRDA:20,1,0,4
BRDA:20,1,1,0
BRDA:25,2,0,4
BRDA:31,3,0,0
BRDA:31,4,0,0
BRDA:31,4,1,0
BRDA:45,5,0,4
BRF:8
BRH:3
end_of_record
TN:
SF:src\core\services\reviewFeedbackService.ts
FN:7,(anonymous_0)
FN:11,(anonymous_1)
FN:16,(anonymous_2)
FNF:3
FNH:3
FNDA:3,(anonymous_0)
FNDA:3,(anonymous_1)
FNDA:6,(anonymous_2)
DA:3,2
DA:5,2
DA:8,3
DA:12,3
DA:13,3
DA:17,6
DA:18,6
LF:7
LH:7
BRF:0
BRH:0
end_of_record
TN:
SF:src\core\services\reviewService.ts
FN:18,(anonymous_0)
FN:23,(anonymous_1)
FN:32,(anonymous_2)
FN:37,(anonymous_3)
FN:49,(anonymous_4)
FN:55,(anonymous_5)
FN:57,(anonymous_6)
FNF:7
FNH:7
FNDA:2,(anonymous_0)
FNDA:4,(anonymous_1)
FNDA:3,(anonymous_2)
FNDA:2,(anonymous_3)
FNDA:2,(anonymous_4)
FNDA:1,(anonymous_5)
FNDA:5,(anonymous_6)
DA:3,2
DA:5,2
DA:6,2
DA:7,2
DA:8,2
DA:14,2
DA:19,2
DA:20,2
DA:24,4
DA:25,4
DA:26,4
DA:27,4
DA:28,4
DA:29,4
DA:33,3
DA:34,3
DA:38,2
DA:39,2
DA:40,1
DA:42,1
DA:43,1
DA:45,0
DA:50,2
DA:51,2
DA:56,1
DA:57,1
DA:58,5
DA:60,5
DA:61,5
DA:64,5
DA:65,5
DA:66,5
DA:67,0
DA:70,5
DA:79,1
LF:35
LH:33
BRDA:39,0,0,1
BRDA:42,1,0,1
BRDA:42,1,1,0
BRDA:58,2,0,5
BRDA:58,2,1,0
BRDA:66,3,0,0
BRDA:66,4,0,5
BRDA:66,4,1,5
BRF:8
BRH:5
end_of_record
TN:
SF:src\core\services\userService.ts
FN:7,(anonymous_0)
FN:11,(anonymous_1)
FN:16,(anonymous_2)
FN:21,(anonymous_3)
FN:26,(anonymous_4)
FN:28,(anonymous_5)
FN:33,(anonymous_6)
FN:35,(anonymous_7)
FN:43,(anonymous_8)
FN:47,(anonymous_9)
FN:50,(anonymous_10)
FN:52,(anonymous_11)
FNF:12
FNH:11
FNDA:3,(anonymous_0)
FNDA:3,(anonymous_1)
FNDA:6,(anonymous_2)
FNDA:3,(anonymous_3)
FNDA:2,(anonymous_4)
FNDA:0,(anonymous_5)
FNDA:5,(anonymous_6)
FNDA:2,(anonymous_7)
FNDA:1,(anonymous_8)
FNDA:1,(anonymous_9)
FNDA:1,(anonymous_10)
FNDA:10,(anonymous_11)
DA:3,3
DA:5,3
DA:8,3
DA:12,3
DA:13,3
DA:17,6
DA:18,6
DA:22,3
DA:23,3
DA:27,2
DA:28,2
DA:29,2
DA:30,2
DA:34,5
DA:35,5
DA:37,2
DA:38,2
DA:44,1
DA:48,1
DA:49,1
DA:50,1
DA:52,1
DA:53,10
DA:54,10
LF:24
LH:24
BRDA:29,0,0,0
BRF:1
BRH:0
end_of_record
