TN:
SF:src\adapters\express\controllers\commentController.ts
FN:8,(anonymous_1)
FNF:1
FNH:0
FNDA:0,(anonymous_1)
DA:1,2
DA:2,2
DA:4,2
DA:6,2
DA:8,2
DA:9,0
DA:10,0
DA:11,0
DA:12,0
DA:14,0
DA:18,2
LF:11
LH:6
BRF:0
BRH:0
end_of_record
TN:
SF:src\adapters\express\controllers\establishmentController.ts
FN:9,(anonymous_1)
FN:24,(anonymous_2)
FN:36,(anonymous_3)
FNF:3
FNH:0
FNDA:0,(anonymous_1)
FNDA:0,(anonymous_2)
FNDA:0,(anonymous_3)
DA:1,2
DA:2,2
DA:3,2
DA:5,2
DA:7,2
DA:9,2
DA:10,0
DA:11,0
DA:12,0
DA:13,0
DA:14,0
DA:16,0
DA:17,0
DA:18,0
DA:20,0
DA:24,2
DA:25,0
DA:26,0
DA:27,0
DA:29,0
DA:30,0
DA:32,0
DA:36,2
DA:38,0
DA:39,0
DA:42,0
DA:43,0
DA:45,0
DA:49,2
LF:29
LH:9
BRDA:12,0,0,0
BRDA:29,1,0,0
BRDA:29,1,1,0
BRDA:42,2,0,0
BRDA:42,2,1,0
BRF:5
BRH:0
end_of_record
TN:
SF:src\adapters\express\controllers\userController.ts
FN:12,(anonymous_1)
FN:37,(anonymous_2)
FN:60,(anonymous_3)
FN:77,(anonymous_4)
FN:87,(anonymous_5)
FNF:5
FNH:0
FNDA:0,(anonymous_1)
FNDA:0,(anonymous_2)
FNDA:0,(anonymous_3)
FNDA:0,(anonymous_4)
FNDA:0,(anonymous_5)
DA:1,2
DA:2,2
DA:3,2
DA:5,2
DA:6,2
DA:8,2
DA:10,2
DA:12,2
DA:13,0
DA:14,0
DA:15,0
DA:16,0
DA:18,0
DA:19,0
DA:20,0
DA:28,0
DA:31,0
DA:33,0
DA:37,2
DA:38,0
DA:39,0
DA:40,0
DA:41,0
DA:42,0
DA:44,0
DA:46,0
DA:54,0
DA:55,0
DA:60,2
DA:61,0
DA:62,0
DA:63,0
DA:64,0
DA:65,0
DA:68,0
DA:71,0
DA:73,0
DA:77,2
DA:78,0
DA:79,0
DA:80,0
DA:81,0
DA:83,0
DA:87,2
DA:88,0
DA:89,0
DA:90,0
DA:91,0
DA:92,0
DA:94,0
DA:98,2
LF:51
LH:13
BRDA:15,0,0,0
BRDA:15,0,1,0
BRDA:18,1,0,0
BRDA:18,1,1,0
BRDA:54,2,0,0
BRDA:63,3,0,0
BRDA:63,3,1,0
BRDA:64,4,0,0
BRDA:64,4,1,0
BRDA:79,5,0,0
BRDA:79,5,1,0
BRDA:90,6,0,0
BRDA:90,6,1,0
BRF:13
BRH:0
end_of_record
TN:
SF:src\core\services\commentService.ts
FN:7,(anonymous_0)
FN:11,(anonymous_1)
FN:17,(anonymous_2)
FN:22,(anonymous_3)
FNF:4
FNH:2
FNDA:2,(anonymous_0)
FNDA:0,(anonymous_1)
FNDA:0,(anonymous_2)
FNDA:5,(anonymous_3)
DA:3,2
DA:5,2
DA:8,2
DA:12,0
DA:13,0
DA:14,0
DA:18,0
DA:19,0
DA:23,5
DA:24,5
LF:10
LH:5
BRF:0
BRH:0
end_of_record
TN:
SF:src\core\services\establishmentService.ts
FN:8,(anonymous_0)
FN:12,(anonymous_1)
FN:18,(anonymous_2)
FN:22,(anonymous_3)
FN:29,(anonymous_4)
FN:33,(anonymous_5)
FN:34,(anonymous_6)
FN:43,(anonymous_7)
FNF:8
FNH:3
FNDA:2,(anonymous_0)
FNDA:0,(anonymous_1)
FNDA:4,(anonymous_2)
FNDA:0,(anonymous_3)
FNDA:0,(anonymous_4)
FNDA:0,(anonymous_5)
FNDA:0,(anonymous_6)
FNDA:4,(anonymous_7)
DA:3,2
DA:4,2
DA:6,2
DA:9,2
DA:13,0
DA:14,0
DA:15,0
DA:19,4
DA:20,4
DA:21,0
DA:22,0
DA:23,0
DA:25,4
DA:26,0
DA:30,0
DA:31,0
DA:32,0
DA:33,0
DA:34,0
DA:35,0
DA:36,0
DA:40,0
DA:44,4
DA:45,4
DA:46,4
DA:48,0
DA:49,0
DA:50,0
DA:52,0
LF:29
LH:10
BRDA:20,0,0,0
BRDA:20,1,0,4
BRDA:20,1,1,0
BRDA:25,2,0,4
BRDA:31,3,0,0
BRDA:31,4,0,0
BRDA:31,4,1,0
BRDA:45,5,0,4
BRF:8
BRH:3
end_of_record
TN:
SF:src\core\services\reviewFeedbackService.ts
FN:7,(anonymous_0)
FN:11,(anonymous_1)
FN:16,(anonymous_2)
FNF:3
FNH:3
FNDA:3,(anonymous_0)
FNDA:3,(anonymous_1)
FNDA:6,(anonymous_2)
DA:3,2
DA:5,2
DA:8,3
DA:12,3
DA:13,3
DA:17,6
DA:18,6
LF:7
LH:7
BRF:0
BRH:0
end_of_record
TN:
SF:src\core\services\reviewService.ts
FN:18,(anonymous_0)
FN:23,(anonymous_1)
FN:32,(anonymous_2)
FN:37,(anonymous_3)
FN:49,(anonymous_4)
FN:55,(anonymous_5)
FN:57,(anonymous_6)
FNF:7
FNH:7
FNDA:2,(anonymous_0)
FNDA:4,(anonymous_1)
FNDA:3,(anonymous_2)
FNDA:2,(anonymous_3)
FNDA:2,(anonymous_4)
FNDA:1,(anonymous_5)
FNDA:5,(anonymous_6)
DA:3,2
DA:5,2
DA:6,2
DA:7,2
DA:8,2
DA:14,2
DA:19,2
DA:20,2
DA:24,4
DA:25,4
DA:26,4
DA:27,4
DA:28,4
DA:29,4
DA:33,3
DA:34,3
DA:38,2
DA:39,2
DA:40,1
DA:42,1
DA:43,1
DA:45,0
DA:50,2
DA:51,2
DA:56,1
DA:57,1
DA:58,5
DA:60,5
DA:61,5
DA:64,5
DA:65,5
DA:66,5
DA:67,0
DA:70,5
DA:79,1
LF:35
LH:33
BRDA:39,0,0,1
BRDA:42,1,0,1
BRDA:42,1,1,0
BRDA:58,2,0,5
BRDA:58,2,1,0
BRDA:66,3,0,0
BRDA:66,4,0,5
BRDA:66,4,1,5
BRF:8
BRH:5
end_of_record
TN:
SF:src\core\services\userService.ts
FN:7,(anonymous_0)
FN:11,(anonymous_1)
FN:16,(anonymous_2)
FN:21,(anonymous_3)
FN:26,(anonymous_4)
FN:28,(anonymous_5)
FN:33,(anonymous_6)
FN:35,(anonymous_7)
FN:43,(anonymous_8)
FN:47,(anonymous_9)
FN:50,(anonymous_10)
FN:52,(anonymous_11)
FNF:12
FNH:11
FNDA:3,(anonymous_0)
FNDA:3,(anonymous_1)
FNDA:6,(anonymous_2)
FNDA:3,(anonymous_3)
FNDA:2,(anonymous_4)
FNDA:0,(anonymous_5)
FNDA:5,(anonymous_6)
FNDA:2,(anonymous_7)
FNDA:1,(anonymous_8)
FNDA:1,(anonymous_9)
FNDA:1,(anonymous_10)
FNDA:10,(anonymous_11)
DA:3,3
DA:5,3
DA:8,3
DA:12,3
DA:13,3
DA:17,6
DA:18,6
DA:22,3
DA:23,3
DA:27,2
DA:28,2
DA:29,2
DA:30,2
DA:34,5
DA:35,5
DA:37,2
DA:38,2
DA:44,1
DA:48,1
DA:49,1
DA:50,1
DA:52,1
DA:53,10
DA:54,10
LF:24
LH:24
BRDA:29,0,0,0
BRF:1
BRH:0
end_of_record
TN:
SF:src\repositories\implementation\CommentRepository.ts
FN:8,(anonymous_1)
FN:9,(anonymous_2)
FN:27,(anonymous_3)
FN:29,(anonymous_4)
FN:34,(anonymous_5)
FN:52,(anonymous_6)
FN:53,(anonymous_7)
FN:57,(anonymous_8)
FN:69,(anonymous_9)
FN:70,(anonymous_10)
FN:74,(anonymous_11)
FN:79,(anonymous_12)
FNF:12
FNH:5
FNDA:2,(anonymous_1)
FNDA:2,(anonymous_2)
FNDA:0,(anonymous_3)
FNDA:0,(anonymous_4)
FNDA:0,(anonymous_5)
FNDA:0,(anonymous_6)
FNDA:0,(anonymous_7)
FNDA:0,(anonymous_8)
FNDA:5,(anonymous_9)
FNDA:5,(anonymous_10)
FNDA:5,(anonymous_11)
FNDA:0,(anonymous_12)
DA:3,2
DA:5,2
DA:9,2
DA:10,2
DA:11,0
DA:12,0
DA:14,2
DA:17,2
DA:28,0
DA:29,0
DA:30,0
DA:31,0
DA:35,0
DA:36,0
DA:37,0
DA:39,0
DA:45,0
DA:53,0
DA:54,0
DA:58,0
DA:59,0
DA:60,0
DA:62,0
DA:70,5
DA:71,5
DA:75,5
DA:76,0
DA:77,0
DA:79,5
DA:80,5
LF:30
LH:11
BRDA:10,0,0,0
BRDA:35,1,0,0
BRDA:35,1,1,0
BRDA:58,2,0,0
BRDA:58,2,1,0
BRDA:75,3,0,0
BRDA:75,3,1,5
BRF:7
BRH:1
end_of_record
TN:
SF:src\repositories\implementation\EstablishmentRepository.ts
FN:8,(anonymous_1)
FN:9,(anonymous_2)
FN:37,(anonymous_3)
FN:39,(anonymous_4)
FN:43,(anonymous_5)
FN:70,(anonymous_6)
FN:71,(anonymous_7)
FN:75,(anonymous_8)
FN:87,(anonymous_9)
FN:88,(anonymous_10)
FN:91,(anonymous_11)
FN:103,(anonymous_12)
FN:104,(anonymous_13)
FNF:13
FNH:5
FNDA:2,(anonymous_1)
FNDA:2,(anonymous_2)
FNDA:0,(anonymous_3)
FNDA:0,(anonymous_4)
FNDA:0,(anonymous_5)
FNDA:4,(anonymous_6)
FNDA:4,(anonymous_7)
FNDA:4,(anonymous_8)
FNDA:0,(anonymous_9)
FNDA:0,(anonymous_10)
FNDA:0,(anonymous_11)
FNDA:0,(anonymous_12)
FNDA:0,(anonymous_13)
DA:3,2
DA:5,2
DA:9,2
DA:10,2
DA:11,0
DA:12,0
DA:14,2
DA:17,2
DA:38,0
DA:39,0
DA:40,0
DA:44,0
DA:45,0
DA:46,0
DA:48,0
DA:63,0
DA:71,4
DA:72,4
DA:76,4
DA:77,0
DA:78,0
DA:80,4
DA:88,0
DA:89,0
DA:92,0
DA:93,0
DA:94,0
DA:96,0
DA:104,0
DA:105,0
LF:30
LH:10
BRDA:10,0,0,0
BRDA:44,1,0,0
BRDA:44,1,1,0
BRDA:76,2,0,0
BRDA:76,2,1,4
BRDA:92,3,0,0
BRDA:92,3,1,0
BRF:7
BRH:1
end_of_record
TN:
SF:src\repositories\implementation\ReviewFeedbackRepository.ts
FN:8,(anonymous_1)
FN:9,(anonymous_2)
FN:29,(anonymous_3)
FN:31,(anonymous_4)
FN:35,(anonymous_5)
FN:52,(anonymous_6)
FN:53,(anonymous_7)
FN:57,(anonymous_8)
FN:69,(anonymous_9)
FN:70,(anonymous_10)
FN:74,(anonymous_11)
FN:79,(anonymous_12)
FNF:12
FNH:8
FNDA:3,(anonymous_1)
FNDA:3,(anonymous_2)
FNDA:3,(anonymous_3)
FNDA:3,(anonymous_4)
FNDA:3,(anonymous_5)
FNDA:6,(anonymous_6)
FNDA:6,(anonymous_7)
FNDA:6,(anonymous_8)
FNDA:0,(anonymous_9)
FNDA:0,(anonymous_10)
FNDA:0,(anonymous_11)
FNDA:0,(anonymous_12)
DA:3,2
DA:5,2
DA:9,3
DA:10,3
DA:11,0
DA:12,0
DA:14,3
DA:17,3
DA:30,3
DA:31,3
DA:32,3
DA:36,3
DA:37,0
DA:38,0
DA:40,3
DA:45,3
DA:53,6
DA:54,6
DA:58,6
DA:59,0
DA:60,0
DA:62,6
DA:70,0
DA:71,0
DA:75,0
DA:76,0
DA:77,0
DA:79,0
DA:80,0
LF:29
LH:16
BRDA:10,0,0,0
BRDA:36,1,0,0
BRDA:36,1,1,3
BRDA:58,2,0,0
BRDA:58,2,1,6
BRDA:75,3,0,0
BRDA:75,3,1,0
BRF:7
BRH:2
end_of_record
TN:
SF:src\repositories\implementation\ReviewRepository.ts
FN:8,(anonymous_1)
FN:9,(anonymous_2)
FN:32,(anonymous_3)
FN:34,(anonymous_4)
FN:38,(anonymous_5)
FN:60,(anonymous_6)
FN:61,(anonymous_7)
FN:65,(anonymous_8)
FN:77,(anonymous_9)
FN:78,(anonymous_10)
FN:82,(anonymous_11)
FN:87,(anonymous_12)
FN:95,(anonymous_13)
FN:96,(anonymous_14)
FN:100,(anonymous_15)
FNF:15
FNH:12
FNDA:2,(anonymous_1)
FNDA:2,(anonymous_2)
FNDA:4,(anonymous_3)
FNDA:4,(anonymous_4)
FNDA:4,(anonymous_5)
FNDA:3,(anonymous_6)
FNDA:3,(anonymous_7)
FNDA:3,(anonymous_8)
FNDA:2,(anonymous_9)
FNDA:2,(anonymous_10)
FNDA:2,(anonymous_11)
FNDA:10,(anonymous_12)
FNDA:0,(anonymous_13)
FNDA:0,(anonymous_14)
FNDA:0,(anonymous_15)
DA:3,2
DA:5,2
DA:9,2
DA:10,2
DA:11,0
DA:12,0
DA:14,2
DA:17,2
DA:33,4
DA:34,4
DA:35,4
DA:39,4
DA:40,0
DA:41,0
DA:43,4
DA:53,4
DA:61,3
DA:62,3
DA:66,3
DA:67,0
DA:68,0
DA:70,3
DA:78,2
DA:79,2
DA:83,2
DA:84,0
DA:85,0
DA:87,10
DA:88,2
DA:96,0
DA:97,0
DA:101,0
DA:102,0
DA:103,0
DA:105,0
DA:106,0
LF:36
LH:21
BRDA:10,0,0,0
BRDA:39,1,0,0
BRDA:39,1,1,4
BRDA:66,2,0,0
BRDA:66,2,1,3
BRDA:83,3,0,0
BRDA:83,3,1,2
BRDA:101,4,0,0
BRDA:101,4,1,0
BRF:9
BRH:3
end_of_record
TN:
SF:src\repositories\implementation\UserRepository.ts
FN:8,(anonymous_1)
FN:9,(anonymous_2)
FN:37,(anonymous_3)
FN:39,(anonymous_4)
FN:43,(anonymous_5)
FN:63,(anonymous_6)
FN:64,(anonymous_7)
FN:68,(anonymous_8)
FN:80,(anonymous_9)
FN:81,(anonymous_10)
FN:85,(anonymous_11)
FN:97,(anonymous_12)
FN:98,(anonymous_13)
FN:102,(anonymous_14)
FN:114,(anonymous_15)
FN:115,(anonymous_16)
FN:122,(anonymous_17)
FN:134,(anonymous_18)
FN:135,(anonymous_19)
FN:139,(anonymous_20)
FN:151,(anonymous_21)
FN:152,(anonymous_22)
FN:156,(anonymous_23)
FNF:23
FNH:23
FNDA:3,(anonymous_1)
FNDA:3,(anonymous_2)
FNDA:3,(anonymous_3)
FNDA:3,(anonymous_4)
FNDA:3,(anonymous_5)
FNDA:6,(anonymous_6)
FNDA:6,(anonymous_7)
FNDA:6,(anonymous_8)
FNDA:3,(anonymous_9)
FNDA:3,(anonymous_10)
FNDA:3,(anonymous_11)
FNDA:2,(anonymous_12)
FNDA:2,(anonymous_13)
FNDA:2,(anonymous_14)
FNDA:5,(anonymous_15)
FNDA:5,(anonymous_16)
FNDA:5,(anonymous_17)
FNDA:1,(anonymous_18)
FNDA:1,(anonymous_19)
FNDA:1,(anonymous_20)
FNDA:1,(anonymous_21)
FNDA:1,(anonymous_22)
FNDA:1,(anonymous_23)
DA:3,3
DA:5,3
DA:9,3
DA:10,3
DA:11,0
DA:12,0
DA:14,3
DA:17,3
DA:27,3
DA:38,3
DA:39,3
DA:40,3
DA:44,3
DA:45,0
DA:46,0
DA:48,3
DA:56,3
DA:64,6
DA:65,6
DA:69,6
DA:70,0
DA:71,0
DA:73,6
DA:81,3
DA:82,3
DA:86,3
DA:87,0
DA:88,0
DA:90,3
DA:98,2
DA:99,2
DA:103,2
DA:104,0
DA:105,0
DA:107,2
DA:115,5
DA:116,5
DA:123,5
DA:124,0
DA:125,0
DA:127,5
DA:135,1
DA:136,1
DA:140,1
DA:141,0
DA:142,0
DA:144,1
DA:152,1
DA:153,1
DA:157,1
DA:158,0
DA:159,0
DA:161,1
LF:53
LH:37
BRDA:10,0,0,0
BRDA:44,1,0,0
BRDA:44,1,1,3
BRDA:69,2,0,0
BRDA:69,2,1,6
BRDA:86,3,0,0
BRDA:86,3,1,3
BRDA:103,4,0,0
BRDA:103,4,1,2
BRDA:123,5,0,0
BRDA:123,5,1,5
BRDA:140,6,0,0
BRDA:140,6,1,1
BRDA:157,7,0,0
BRDA:157,7,1,1
BRF:15
BRH:7
end_of_record
TN:
SF:src\utils\authentication.ts
FN:4,getUserId
FN:8,(anonymous_1)
FNF:2
FNH:0
FNDA:0,getUserId
FNDA:0,(anonymous_1)
DA:1,2
DA:2,2
DA:4,2
DA:5,0
DA:6,0
DA:7,0
DA:8,0
DA:9,0
DA:12,0
LF:9
LH:3
BRDA:7,0,0,0
BRDA:9,1,0,0
BRF:2
BRH:0
end_of_record
